2023-10-05 14:39:26::[AWT-EventQueue-0]::DEBUG::TinyBioPrintLogger::Testing file logging...
2023-10-05 14:39:36::[Thread-1]::DEBUG::TinyBioPrintLogger::New Temp Worker Started at:http://idmsdev.kaa.go.ke/main/mwclient/index5.php?type=getpermit&fid=0&ptype=t
2023-10-05 14:39:36::[Thread-0]::DEBUG::TinyBioPrintLogger::New Perm Worker Started at:http://idmsdev.kaa.go.ke/main/mwclient/index5.php?type=getpermit&fid=0&ptype=p
2023-10-05 14:39:38::[Thread-0]::DEBUG::TinyBioPrintLogger::Perm Worker Response:{"status":"success","urls":[]}
2023-10-05 14:39:38::[Thread-1]::DEBUG::TinyBioPrintLogger::Temp Worker Response:{"status":"success","urls":[]}
2023-10-05 14:39:38::[Thread-1]::DEBUG::TinyBioPrintLogger::Temp Worker Response Status:success
2023-10-05 14:39:40::[Thread-1]::DEBUG::TinyBioPrintLogger::SendAckn to:http://idmsdev.kaa.go.ke/main/mwclient/index5.php?type=ackReceived
2023-10-05 14:39:40::[Thread-1]::DEBUG::TinyBioPrintLogger::SendAckn Response:{"status":"failure"}
2023-10-05 14:39:40::[Thread-1]::DEBUG::TinyBioPrintLogger::SendAckn Response json obj:{"blank":false,"bytes":[123,34,115,116,97,116,117,115,34,58,34,102,97,105,108,117,114,101,34,125],"empty":false}
2023-10-05 14:40:08::[Thread-0]::DEBUG::TinyBioPrintLogger::New Perm Worker Started at:http://idmsdev.kaa.go.ke/main/mwclient/index5.php?type=getpermit&fid=0&ptype=p
2023-10-05 14:40:09::[Thread-0]::DEBUG::TinyBioPrintLogger::Perm Worker Response:{"status":"success","urls":[]}
2023-10-05 14:40:10::[Thread-1]::DEBUG::TinyBioPrintLogger::New Temp Worker Started at:http://idmsdev.kaa.go.ke/main/mwclient/index5.php?type=getpermit&fid=0&ptype=t
2023-10-05 14:40:11::[Thread-1]::DEBUG::TinyBioPrintLogger::Temp Worker Response:{"status":"success","urls":[]}
2023-10-05 14:40:11::[Thread-1]::DEBUG::TinyBioPrintLogger::Temp Worker Response Status:success
2023-10-05 14:40:12::[Thread-1]::DEBUG::TinyBioPrintLogger::SendAckn to:http://idmsdev.kaa.go.ke/main/mwclient/index5.php?type=ackReceived
2023-10-05 14:40:12::[Thread-1]::DEBUG::TinyBioPrintLogger::SendAckn Response:{"status":"failure"}
2023-10-05 14:40:12::[Thread-1]::DEBUG::TinyBioPrintLogger::SendAckn Response json obj:{"blank":false,"bytes":[123,34,115,116,97,116,117,115,34,58,34,102,97,105,108,117,114,101,34,125],"empty":false}
2023-10-05 14:40:39::[Thread-0]::DEBUG::TinyBioPrintLogger::New Perm Worker Started at:http://idmsdev.kaa.go.ke/main/mwclient/index5.php?type=getpermit&fid=0&ptype=p
2023-10-05 14:40:40::[Thread-0]::DEBUG::TinyBioPrintLogger::Perm Worker Response:{"status":"success","urls":[]}
2023-10-05 14:40:42::[Thread-1]::DEBUG::TinyBioPrintLogger::New Temp Worker Started at:http://idmsdev.kaa.go.ke/main/mwclient/index5.php?type=getpermit&fid=0&ptype=t
2023-10-05 14:40:43::[Thread-1]::DEBUG::TinyBioPrintLogger::Temp Worker Response:{"status":"success","urls":[]}
2023-10-05 14:40:43::[Thread-1]::DEBUG::TinyBioPrintLogger::Temp Worker Response Status:success
2023-10-05 14:40:44::[Thread-1]::DEBUG::TinyBioPrintLogger::SendAckn to:http://idmsdev.kaa.go.ke/main/mwclient/index5.php?type=ackReceived
2023-10-05 14:40:44::[Thread-1]::DEBUG::TinyBioPrintLogger::SendAckn Response:{"status":"failure"}
2023-10-05 14:40:44::[Thread-1]::DEBUG::TinyBioPrintLogger::SendAckn Response json obj:{"blank":false,"bytes":[123,34,115,116,97,116,117,115,34,58,34,102,97,105,108,117,114,101,34,125],"empty":false}
2023-10-05 14:41:10::[Thread-0]::DEBUG::TinyBioPrintLogger::New Perm Worker Started at:http://idmsdev.kaa.go.ke/main/mwclient/index5.php?type=getpermit&fid=0&ptype=p
2023-10-05 14:41:11::[Thread-0]::DEBUG::TinyBioPrintLogger::Perm Worker Response:{"status":"success","urls":[]}
