2023-10-06 09:12:23::[AWT-EventQueue-0]::DEBUG::TinyBioPrintLogger::Testing file logging...
2023-10-06 09:12:25::[Thread-1]::DEBUG::TinyBioPrintLogger::New Temp Worker Started at:http://idmsdev.kaa.go.ke/main/mwclient/index5.php?type=getpermit&fid=6&ptype=t
2023-10-06 09:12:25::[Thread-0]::DEBUG::TinyBioPrintLogger::New Perm Worker Started at:http://idmsdev.kaa.go.ke/main/mwclient/index5.php?type=getpermit&fid=6&ptype=p
2023-10-06 09:12:26::[Thread-0]::DEBUG::TinyBioPrintLogger::Perm Worker Response:{"status":"success","urls":[]}
2023-10-06 09:12:26::[Thread-1]::DEBUG::TinyBioPrintLogger::Temp Worker Response:{"status":"success","urls":[{"id":"6","url":"http:\/\/idmsdev.kaa.go.ke\/main\/printpermits\/6\/temp\/651eaad4aebce_1004302.pdf"}]}
2023-10-06 09:12:26::[Thread-1]::DEBUG::TinyBioPrintLogger::Temp Worker Response Status:success
2023-10-06 09:12:28::[Thread-1]::DEBUG::TinyBioPrintLogger::SendAckn to:http://idmsdev.kaa.go.ke/main/mwclient/index5.php?type=ackReceived
2023-10-06 09:12:28::[Thread-1]::DEBUG::TinyBioPrintLogger::SendAckn Response:{"status":"success"}
2023-10-06 09:12:28::[Thread-1]::DEBUG::TinyBioPrintLogger::SendAckn Response json obj:{"blank":false,"bytes":[123,34,115,116,97,116,117,115,34,58,34,115,117,99,99,101,115,115,34,125],"empty":false}
2023-10-06 09:12:28::[Thread-1]::ERROR::TinyBioPrintLogger::Printing failed
java.io.FileNotFoundException: http://idmsdev.kaa.go.ke/main/printpermits/6/temp/651eaad4aebce_1004302.pdf
	at java.base/sun.net.www.protocol.http.HttpURLConnection.getInputStream0(HttpURLConnection.java:1920)
	at java.base/sun.net.www.protocol.http.HttpURLConnection.getInputStream(HttpURLConnection.java:1520)
	at java.base/java.net.URL.openStream(URL.java:1165)
	at com.tinnybioprint.config.PrinterConfigApp.printPdfFromURL(PrinterConfigApp.java:122)
	at com.tinnybioprint.config.PrinterConfigApp.lambda$setUpThreads$1(PrinterConfigApp.java:255)
	at java.base/java.lang.Thread.run(Thread.java:834)
2023-10-06 09:12:29::[Thread-1]::DEBUG::TinyBioPrintLogger::SendAckn to:http://idmsdev.kaa.go.ke/main/mwclient/index5.php?type=ackPrinted
2023-10-06 09:12:29::[Thread-1]::DEBUG::TinyBioPrintLogger::SendAckn Response:{"status":"failure"}
2023-10-06 09:12:29::[Thread-1]::DEBUG::TinyBioPrintLogger::SendAckn Response json obj:{"blank":false,"bytes":[123,34,115,116,97,116,117,115,34,58,34,102,97,105,108,117,114,101,34,125],"empty":false}
2023-10-06 09:12:36::[Thread-0]::DEBUG::TinyBioPrintLogger::New Perm Worker Started at:http://idmsdev.kaa.go.ke/main/mwclient/index5.php?type=getpermit&fid=6&ptype=p
2023-10-06 09:12:38::[Thread-0]::DEBUG::TinyBioPrintLogger::Perm Worker Response:{"status":"success","urls":[]}
2023-10-06 09:12:39::[Thread-1]::DEBUG::TinyBioPrintLogger::New Temp Worker Started at:http://idmsdev.kaa.go.ke/main/mwclient/index5.php?type=getpermit&fid=6&ptype=t
2023-10-06 09:12:40::[Thread-1]::DEBUG::TinyBioPrintLogger::Temp Worker Response:{"status":"success","urls":[]}
2023-10-06 09:12:40::[Thread-1]::DEBUG::TinyBioPrintLogger::Temp Worker Response Status:success
2023-10-06 09:12:41::[Thread-1]::DEBUG::TinyBioPrintLogger::SendAckn to:http://idmsdev.kaa.go.ke/main/mwclient/index5.php?type=ackReceived
2023-10-06 09:12:41::[Thread-1]::DEBUG::TinyBioPrintLogger::SendAckn Response:{"status":"failure"}
2023-10-06 09:12:41::[Thread-1]::DEBUG::TinyBioPrintLogger::SendAckn Response json obj:{"blank":false,"bytes":[123,34,115,116,97,116,117,115,34,58,34,102,97,105,108,117,114,101,34,125],"empty":false}
2023-10-06 09:12:42::[Thread-1]::DEBUG::TinyBioPrintLogger::SendAckn to:http://idmsdev.kaa.go.ke/main/mwclient/index5.php?type=ackPrinted
2023-10-06 09:12:42::[Thread-1]::DEBUG::TinyBioPrintLogger::SendAckn Response:{"status":"failure"}
2023-10-06 09:12:42::[Thread-1]::DEBUG::TinyBioPrintLogger::SendAckn Response json obj:{"blank":false,"bytes":[123,34,115,116,97,116,117,115,34,58,34,102,97,105,108,117,114,101,34,125],"empty":false}
2023-10-06 09:12:48::[Thread-0]::DEBUG::TinyBioPrintLogger::New Perm Worker Started at:http://idmsdev.kaa.go.ke/main/mwclient/index5.php?type=getpermit&fid=6&ptype=p
2023-10-06 09:12:49::[Thread-0]::DEBUG::TinyBioPrintLogger::Perm Worker Response:{"status":"success","urls":[]}
2023-10-06 09:12:53::[Thread-1]::DEBUG::TinyBioPrintLogger::New Temp Worker Started at:http://idmsdev.kaa.go.ke/main/mwclient/index5.php?type=getpermit&fid=6&ptype=t
2023-10-06 09:12:54::[Thread-1]::DEBUG::TinyBioPrintLogger::Temp Worker Response:{"status":"success","urls":[]}
2023-10-06 09:12:54::[Thread-1]::DEBUG::TinyBioPrintLogger::Temp Worker Response Status:success
2023-10-06 09:12:55::[Thread-1]::DEBUG::TinyBioPrintLogger::SendAckn to:http://idmsdev.kaa.go.ke/main/mwclient/index5.php?type=ackReceived
2023-10-06 09:12:55::[Thread-1]::DEBUG::TinyBioPrintLogger::SendAckn Response:{"status":"failure"}
2023-10-06 09:12:55::[Thread-1]::DEBUG::TinyBioPrintLogger::SendAckn Response json obj:{"blank":false,"bytes":[123,34,115,116,97,116,117,115,34,58,34,102,97,105,108,117,114,101,34,125],"empty":false}
2023-10-06 09:12:56::[Thread-1]::DEBUG::TinyBioPrintLogger::SendAckn to:http://idmsdev.kaa.go.ke/main/mwclient/index5.php?type=ackPrinted
2023-10-06 09:12:56::[Thread-1]::DEBUG::TinyBioPrintLogger::SendAckn Response:{"status":"failure"}
2023-10-06 09:12:56::[Thread-1]::DEBUG::TinyBioPrintLogger::SendAckn Response json obj:{"blank":false,"bytes":[123,34,115,116,97,116,117,115,34,58,34,102,97,105,108,117,114,101,34,125],"empty":false}
2023-10-06 09:12:59::[Thread-0]::DEBUG::TinyBioPrintLogger::New Perm Worker Started at:http://idmsdev.kaa.go.ke/main/mwclient/index5.php?type=getpermit&fid=6&ptype=p
2023-10-06 09:13:00::[Thread-0]::DEBUG::TinyBioPrintLogger::Perm Worker Response:{"status":"success","urls":[]}
2023-10-06 09:13:06::[Thread-1]::DEBUG::TinyBioPrintLogger::New Temp Worker Started at:http://idmsdev.kaa.go.ke/main/mwclient/index5.php?type=getpermit&fid=6&ptype=t
2023-10-06 09:13:07::[Thread-1]::DEBUG::TinyBioPrintLogger::Temp Worker Response:{"status":"success","urls":[]}
2023-10-06 09:13:07::[Thread-1]::DEBUG::TinyBioPrintLogger::Temp Worker Response Status:success
2023-10-06 09:13:08::[Thread-1]::DEBUG::TinyBioPrintLogger::SendAckn to:http://idmsdev.kaa.go.ke/main/mwclient/index5.php?type=ackReceived
2023-10-06 09:13:08::[Thread-1]::DEBUG::TinyBioPrintLogger::SendAckn Response:{"status":"failure"}
2023-10-06 09:13:08::[Thread-1]::DEBUG::TinyBioPrintLogger::SendAckn Response json obj:{"blank":false,"bytes":[123,34,115,116,97,116,117,115,34,58,34,102,97,105,108,117,114,101,34,125],"empty":false}
2023-10-06 09:13:09::[Thread-1]::DEBUG::TinyBioPrintLogger::SendAckn to:http://idmsdev.kaa.go.ke/main/mwclient/index5.php?type=ackPrinted
2023-10-06 09:13:09::[Thread-1]::DEBUG::TinyBioPrintLogger::SendAckn Response:{"status":"failure"}
2023-10-06 09:13:09::[Thread-1]::DEBUG::TinyBioPrintLogger::SendAckn Response json obj:{"blank":false,"bytes":[123,34,115,116,97,116,117,115,34,58,34,102,97,105,108,117,114,101,34,125],"empty":false}
2023-10-06 09:13:10::[Thread-0]::DEBUG::TinyBioPrintLogger::New Perm Worker Started at:http://idmsdev.kaa.go.ke/main/mwclient/index5.php?type=getpermit&fid=6&ptype=p
2023-10-06 09:13:11::[Thread-0]::DEBUG::TinyBioPrintLogger::Perm Worker Response:{"status":"success","urls":[]}
2023-10-06 09:13:19::[Thread-1]::DEBUG::TinyBioPrintLogger::New Temp Worker Started at:http://idmsdev.kaa.go.ke/main/mwclient/index5.php?type=getpermit&fid=6&ptype=t
2023-10-06 09:13:20::[Thread-1]::DEBUG::TinyBioPrintLogger::Temp Worker Response:{"status":"success","urls":[{"id":"5","url":"http:\/\/idmsdev.kaa.go.ke\/main\/printpermits\/6\/temp\/651ea5136ca02_1004302.pdf"}]}
2023-10-06 09:13:20::[Thread-1]::DEBUG::TinyBioPrintLogger::Temp Worker Response Status:success
2023-10-06 09:13:21::[Thread-0]::DEBUG::TinyBioPrintLogger::New Perm Worker Started at:http://idmsdev.kaa.go.ke/main/mwclient/index5.php?type=getpermit&fid=6&ptype=p
2023-10-06 09:13:21::[Thread-1]::DEBUG::TinyBioPrintLogger::SendAckn to:http://idmsdev.kaa.go.ke/main/mwclient/index5.php?type=ackReceived
2023-10-06 09:13:21::[Thread-1]::DEBUG::TinyBioPrintLogger::SendAckn Response:{"status":"success"}
2023-10-06 09:13:21::[Thread-1]::DEBUG::TinyBioPrintLogger::SendAckn Response json obj:{"blank":false,"bytes":[123,34,115,116,97,116,117,115,34,58,34,115,117,99,99,101,115,115,34,125],"empty":false}
2023-10-06 09:13:21::[Thread-1]::ERROR::TinyBioPrintLogger::Printing failed
java.io.FileNotFoundException: http://idmsdev.kaa.go.ke/main/printpermits/6/temp/651ea5136ca02_1004302.pdf
	at java.base/sun.net.www.protocol.http.HttpURLConnection.getInputStream0(HttpURLConnection.java:1920)
	at java.base/sun.net.www.protocol.http.HttpURLConnection.getInputStream(HttpURLConnection.java:1520)
	at java.base/java.net.URL.openStream(URL.java:1165)
	at com.tinnybioprint.config.PrinterConfigApp.printPdfFromURL(PrinterConfigApp.java:122)
	at com.tinnybioprint.config.PrinterConfigApp.lambda$setUpThreads$1(PrinterConfigApp.java:255)
	at java.base/java.lang.Thread.run(Thread.java:834)
2023-10-06 09:13:22::[Thread-0]::DEBUG::TinyBioPrintLogger::Perm Worker Response:{"status":"success","urls":[]}
2023-10-06 09:13:22::[Thread-1]::DEBUG::TinyBioPrintLogger::SendAckn to:http://idmsdev.kaa.go.ke/main/mwclient/index5.php?type=ackPrinted
2023-10-06 09:13:22::[Thread-1]::DEBUG::TinyBioPrintLogger::SendAckn Response:{"status":"failure"}
2023-10-06 09:13:22::[Thread-1]::DEBUG::TinyBioPrintLogger::SendAckn Response json obj:{"blank":false,"bytes":[123,34,115,116,97,116,117,115,34,58,34,102,97,105,108,117,114,101,34,125],"empty":false}
2023-10-06 09:13:32::[Thread-0]::DEBUG::TinyBioPrintLogger::New Perm Worker Started at:http://idmsdev.kaa.go.ke/main/mwclient/index5.php?type=getpermit&fid=6&ptype=p
2023-10-06 09:13:32::[Thread-1]::DEBUG::TinyBioPrintLogger::New Temp Worker Started at:http://idmsdev.kaa.go.ke/main/mwclient/index5.php?type=getpermit&fid=6&ptype=t
2023-10-06 09:13:33::[Thread-0]::DEBUG::TinyBioPrintLogger::Perm Worker Response:{"status":"success","urls":[]}
2023-10-06 09:13:33::[Thread-1]::DEBUG::TinyBioPrintLogger::Temp Worker Response:{"status":"success","urls":[{"id":"3","url":"http:\/\/idmsdev.kaa.go.ke\/main\/printpermits\/6\/temp\/651d37d7b7c6f_1002717.pdf"},{"id":"4","url":"http:\/\/idmsdev.kaa.go.ke\/main\/printpermits\/6\/temp\/651e4ecbb2ae1_1002717.pdf"}]}
2023-10-06 09:13:33::[Thread-1]::DEBUG::TinyBioPrintLogger::Temp Worker Response Status:success
2023-10-06 09:13:34::[Thread-1]::DEBUG::TinyBioPrintLogger::SendAckn to:http://idmsdev.kaa.go.ke/main/mwclient/index5.php?type=ackReceived
2023-10-06 09:13:34::[Thread-1]::DEBUG::TinyBioPrintLogger::SendAckn Response:{"status":"success"}
2023-10-06 09:13:34::[Thread-1]::DEBUG::TinyBioPrintLogger::SendAckn Response json obj:{"blank":false,"bytes":[123,34,115,116,97,116,117,115,34,58,34,115,117,99,99,101,115,115,34,125],"empty":false}
2023-10-06 09:13:34::[Thread-1]::ERROR::TinyBioPrintLogger::Printing failed
java.io.FileNotFoundException: http://idmsdev.kaa.go.ke/main/printpermits/6/temp/651d37d7b7c6f_1002717.pdf
	at java.base/sun.net.www.protocol.http.HttpURLConnection.getInputStream0(HttpURLConnection.java:1920)
	at java.base/sun.net.www.protocol.http.HttpURLConnection.getInputStream(HttpURLConnection.java:1520)
	at java.base/java.net.URL.openStream(URL.java:1165)
	at com.tinnybioprint.config.PrinterConfigApp.printPdfFromURL(PrinterConfigApp.java:122)
	at com.tinnybioprint.config.PrinterConfigApp.lambda$setUpThreads$1(PrinterConfigApp.java:255)
	at java.base/java.lang.Thread.run(Thread.java:834)
2023-10-06 09:13:34::[Thread-1]::ERROR::TinyBioPrintLogger::Printing failed
java.io.FileNotFoundException: http://idmsdev.kaa.go.ke/main/printpermits/6/temp/651e4ecbb2ae1_1002717.pdf
	at java.base/sun.net.www.protocol.http.HttpURLConnection.getInputStream0(HttpURLConnection.java:1920)
	at java.base/sun.net.www.protocol.http.HttpURLConnection.getInputStream(HttpURLConnection.java:1520)
	at java.base/java.net.URL.openStream(URL.java:1165)
	at com.tinnybioprint.config.PrinterConfigApp.printPdfFromURL(PrinterConfigApp.java:122)
	at com.tinnybioprint.config.PrinterConfigApp.lambda$setUpThreads$1(PrinterConfigApp.java:255)
	at java.base/java.lang.Thread.run(Thread.java:834)
2023-10-06 09:13:35::[Thread-1]::DEBUG::TinyBioPrintLogger::SendAckn to:http://idmsdev.kaa.go.ke/main/mwclient/index5.php?type=ackPrinted
2023-10-06 09:13:35::[Thread-1]::DEBUG::TinyBioPrintLogger::SendAckn Response:{"status":"failure"}
2023-10-06 09:13:35::[Thread-1]::DEBUG::TinyBioPrintLogger::SendAckn Response json obj:{"blank":false,"bytes":[123,34,115,116,97,116,117,115,34,58,34,102,97,105,108,117,114,101,34,125],"empty":false}
2023-10-06 09:13:43::[Thread-0]::DEBUG::TinyBioPrintLogger::New Perm Worker Started at:http://idmsdev.kaa.go.ke/main/mwclient/index5.php?type=getpermit&fid=6&ptype=p
2023-10-06 09:13:44::[Thread-0]::DEBUG::TinyBioPrintLogger::Perm Worker Response:{"status":"success","urls":[]}
2023-10-06 09:13:45::[Thread-1]::DEBUG::TinyBioPrintLogger::New Temp Worker Started at:http://idmsdev.kaa.go.ke/main/mwclient/index5.php?type=getpermit&fid=6&ptype=t
2023-10-06 09:13:47::[Thread-1]::DEBUG::TinyBioPrintLogger::Temp Worker Response:{"status":"success","urls":[{"id":"7","url":"http:\/\/idmsdev.kaa.go.ke\/main\/printpermits\/6\/temp\/651f845fb1618_1004252.pdf"}]}
2023-10-06 09:13:47::[Thread-1]::DEBUG::TinyBioPrintLogger::Temp Worker Response Status:success
2023-10-06 09:13:48::[Thread-1]::DEBUG::TinyBioPrintLogger::SendAckn to:http://idmsdev.kaa.go.ke/main/mwclient/index5.php?type=ackReceived
2023-10-06 09:13:48::[Thread-1]::DEBUG::TinyBioPrintLogger::SendAckn Response:{"status":"success"}
2023-10-06 09:13:48::[Thread-1]::DEBUG::TinyBioPrintLogger::SendAckn Response json obj:{"blank":false,"bytes":[123,34,115,116,97,116,117,115,34,58,34,115,117,99,99,101,115,115,34,125],"empty":false}
2023-10-06 09:13:48::[Thread-1]::ERROR::TinyBioPrintLogger::Printing failed
java.io.FileNotFoundException: http://idmsdev.kaa.go.ke/main/printpermits/6/temp/651f845fb1618_1004252.pdf
	at java.base/sun.net.www.protocol.http.HttpURLConnection.getInputStream0(HttpURLConnection.java:1920)
	at java.base/sun.net.www.protocol.http.HttpURLConnection.getInputStream(HttpURLConnection.java:1520)
	at java.base/java.net.URL.openStream(URL.java:1165)
	at com.tinnybioprint.config.PrinterConfigApp.printPdfFromURL(PrinterConfigApp.java:122)
	at com.tinnybioprint.config.PrinterConfigApp.lambda$setUpThreads$1(PrinterConfigApp.java:255)
	at java.base/java.lang.Thread.run(Thread.java:834)
2023-10-06 09:13:49::[Thread-1]::DEBUG::TinyBioPrintLogger::SendAckn to:http://idmsdev.kaa.go.ke/main/mwclient/index5.php?type=ackPrinted
2023-10-06 09:13:49::[Thread-1]::DEBUG::TinyBioPrintLogger::SendAckn Response:{"status":"failure"}
2023-10-06 09:13:49::[Thread-1]::DEBUG::TinyBioPrintLogger::SendAckn Response json obj:{"blank":false,"bytes":[123,34,115,116,97,116,117,115,34,58,34,102,97,105,108,117,114,101,34,125],"empty":false}
2023-10-06 09:13:54::[Thread-0]::DEBUG::TinyBioPrintLogger::New Perm Worker Started at:http://idmsdev.kaa.go.ke/main/mwclient/index5.php?type=getpermit&fid=6&ptype=p
2023-10-06 09:13:55::[Thread-0]::DEBUG::TinyBioPrintLogger::Perm Worker Response:{"status":"success","urls":[]}
2023-10-06 09:13:59::[Thread-1]::DEBUG::TinyBioPrintLogger::New Temp Worker Started at:http://idmsdev.kaa.go.ke/main/mwclient/index5.php?type=getpermit&fid=6&ptype=t
2023-10-06 09:14:00::[Thread-1]::DEBUG::TinyBioPrintLogger::Temp Worker Response:{"status":"success","urls":[]}
2023-10-06 09:14:00::[Thread-1]::DEBUG::TinyBioPrintLogger::Temp Worker Response Status:success
2023-10-06 09:14:01::[Thread-1]::DEBUG::TinyBioPrintLogger::SendAckn to:http://idmsdev.kaa.go.ke/main/mwclient/index5.php?type=ackReceived
2023-10-06 09:14:01::[Thread-1]::DEBUG::TinyBioPrintLogger::SendAckn Response:{"status":"failure"}
2023-10-06 09:14:01::[Thread-1]::DEBUG::TinyBioPrintLogger::SendAckn Response json obj:{"blank":false,"bytes":[123,34,115,116,97,116,117,115,34,58,34,102,97,105,108,117,114,101,34,125],"empty":false}
2023-10-06 09:14:02::[Thread-1]::DEBUG::TinyBioPrintLogger::SendAckn to:http://idmsdev.kaa.go.ke/main/mwclient/index5.php?type=ackPrinted
2023-10-06 09:14:02::[Thread-1]::DEBUG::TinyBioPrintLogger::SendAckn Response:{"status":"failure"}
2023-10-06 09:14:02::[Thread-1]::DEBUG::TinyBioPrintLogger::SendAckn Response json obj:{"blank":false,"bytes":[123,34,115,116,97,116,117,115,34,58,34,102,97,105,108,117,114,101,34,125],"empty":false}
2023-10-06 09:14:05::[Thread-0]::DEBUG::TinyBioPrintLogger::New Perm Worker Started at:http://idmsdev.kaa.go.ke/main/mwclient/index5.php?type=getpermit&fid=6&ptype=p
2023-10-06 09:14:06::[Thread-0]::DEBUG::TinyBioPrintLogger::Perm Worker Response:{"status":"success","urls":[]}
2023-10-06 09:14:12::[Thread-1]::DEBUG::TinyBioPrintLogger::New Temp Worker Started at:http://idmsdev.kaa.go.ke/main/mwclient/index5.php?type=getpermit&fid=6&ptype=t
2023-10-06 09:14:13::[Thread-1]::DEBUG::TinyBioPrintLogger::Temp Worker Response:{"status":"success","urls":[]}
2023-10-06 09:14:13::[Thread-1]::DEBUG::TinyBioPrintLogger::Temp Worker Response Status:success
2023-10-06 09:14:14::[Thread-1]::DEBUG::TinyBioPrintLogger::SendAckn to:http://idmsdev.kaa.go.ke/main/mwclient/index5.php?type=ackReceived
2023-10-06 09:14:14::[Thread-1]::DEBUG::TinyBioPrintLogger::SendAckn Response:{"status":"failure"}
2023-10-06 09:14:14::[Thread-1]::DEBUG::TinyBioPrintLogger::SendAckn Response json obj:{"blank":false,"bytes":[123,34,115,116,97,116,117,115,34,58,34,102,97,105,108,117,114,101,34,125],"empty":false}
2023-10-06 09:14:15::[Thread-1]::DEBUG::TinyBioPrintLogger::SendAckn to:http://idmsdev.kaa.go.ke/main/mwclient/index5.php?type=ackPrinted
2023-10-06 09:14:15::[Thread-1]::DEBUG::TinyBioPrintLogger::SendAckn Response:{"status":"failure"}
2023-10-06 09:14:15::[Thread-1]::DEBUG::TinyBioPrintLogger::SendAckn Response json obj:{"blank":false,"bytes":[123,34,115,116,97,116,117,115,34,58,34,102,97,105,108,117,114,101,34,125],"empty":false}
2023-10-06 09:14:16::[Thread-0]::DEBUG::TinyBioPrintLogger::New Perm Worker Started at:http://idmsdev.kaa.go.ke/main/mwclient/index5.php?type=getpermit&fid=6&ptype=p
2023-10-06 09:14:17::[Thread-0]::DEBUG::TinyBioPrintLogger::Perm Worker Response:{"status":"success","urls":[]}
2023-10-06 09:14:25::[Thread-1]::DEBUG::TinyBioPrintLogger::New Temp Worker Started at:http://idmsdev.kaa.go.ke/main/mwclient/index5.php?type=getpermit&fid=6&ptype=t
2023-10-06 09:14:27::[Thread-1]::DEBUG::TinyBioPrintLogger::Temp Worker Response:{"status":"success","urls":[]}
2023-10-06 09:14:27::[Thread-1]::DEBUG::TinyBioPrintLogger::Temp Worker Response Status:success
2023-10-06 09:14:27::[Thread-0]::DEBUG::TinyBioPrintLogger::New Perm Worker Started at:http://idmsdev.kaa.go.ke/main/mwclient/index5.php?type=getpermit&fid=6&ptype=p
2023-10-06 09:14:28::[Thread-1]::DEBUG::TinyBioPrintLogger::SendAckn to:http://idmsdev.kaa.go.ke/main/mwclient/index5.php?type=ackReceived
2023-10-06 09:14:28::[Thread-1]::DEBUG::TinyBioPrintLogger::SendAckn Response:{"status":"failure"}
2023-10-06 09:14:28::[Thread-1]::DEBUG::TinyBioPrintLogger::SendAckn Response json obj:{"blank":false,"bytes":[123,34,115,116,97,116,117,115,34,58,34,102,97,105,108,117,114,101,34,125],"empty":false}
2023-10-06 09:14:28::[Thread-0]::DEBUG::TinyBioPrintLogger::Perm Worker Response:{"status":"success","urls":[]}
2023-10-06 09:14:29::[Thread-1]::DEBUG::TinyBioPrintLogger::SendAckn to:http://idmsdev.kaa.go.ke/main/mwclient/index5.php?type=ackPrinted
2023-10-06 09:14:29::[Thread-1]::DEBUG::TinyBioPrintLogger::SendAckn Response:{"status":"failure"}
2023-10-06 09:14:29::[Thread-1]::DEBUG::TinyBioPrintLogger::SendAckn Response json obj:{"blank":false,"bytes":[123,34,115,116,97,116,117,115,34,58,34,102,97,105,108,117,114,101,34,125],"empty":false}
2023-10-06 09:14:38::[Thread-0]::DEBUG::TinyBioPrintLogger::New Perm Worker Started at:http://idmsdev.kaa.go.ke/main/mwclient/index5.php?type=getpermit&fid=6&ptype=p
2023-10-06 09:14:39::[Thread-1]::DEBUG::TinyBioPrintLogger::New Temp Worker Started at:http://idmsdev.kaa.go.ke/main/mwclient/index5.php?type=getpermit&fid=6&ptype=t
2023-10-06 09:14:40::[Thread-0]::DEBUG::TinyBioPrintLogger::Perm Worker Response:{"status":"success","urls":[]}
2023-10-06 09:14:40::[Thread-1]::DEBUG::TinyBioPrintLogger::Temp Worker Response:{"status":"success","urls":[]}
2023-10-06 09:14:40::[Thread-1]::DEBUG::TinyBioPrintLogger::Temp Worker Response Status:success
2023-10-06 09:14:41::[Thread-1]::DEBUG::TinyBioPrintLogger::SendAckn to:http://idmsdev.kaa.go.ke/main/mwclient/index5.php?type=ackReceived
2023-10-06 09:14:41::[Thread-1]::DEBUG::TinyBioPrintLogger::SendAckn Response:{"status":"failure"}
2023-10-06 09:14:41::[Thread-1]::DEBUG::TinyBioPrintLogger::SendAckn Response json obj:{"blank":false,"bytes":[123,34,115,116,97,116,117,115,34,58,34,102,97,105,108,117,114,101,34,125],"empty":false}
2023-10-06 09:14:42::[Thread-1]::DEBUG::TinyBioPrintLogger::SendAckn to:http://idmsdev.kaa.go.ke/main/mwclient/index5.php?type=ackPrinted
2023-10-06 09:14:42::[Thread-1]::DEBUG::TinyBioPrintLogger::SendAckn Response:{"status":"failure"}
2023-10-06 09:14:42::[Thread-1]::DEBUG::TinyBioPrintLogger::SendAckn Response json obj:{"blank":false,"bytes":[123,34,115,116,97,116,117,115,34,58,34,102,97,105,108,117,114,101,34,125],"empty":false}
2023-10-06 09:14:50::[Thread-0]::DEBUG::TinyBioPrintLogger::New Perm Worker Started at:http://idmsdev.kaa.go.ke/main/mwclient/index5.php?type=getpermit&fid=6&ptype=p
2023-10-06 09:14:51::[Thread-0]::DEBUG::TinyBioPrintLogger::Perm Worker Response:{"status":"success","urls":[]}
2023-10-06 09:14:52::[Thread-1]::DEBUG::TinyBioPrintLogger::New Temp Worker Started at:http://idmsdev.kaa.go.ke/main/mwclient/index5.php?type=getpermit&fid=6&ptype=t
2023-10-06 09:14:53::[Thread-1]::DEBUG::TinyBioPrintLogger::Temp Worker Response:{"status":"success","urls":[]}
2023-10-06 09:14:53::[Thread-1]::DEBUG::TinyBioPrintLogger::Temp Worker Response Status:success
2023-10-06 09:14:54::[Thread-1]::DEBUG::TinyBioPrintLogger::SendAckn to:http://idmsdev.kaa.go.ke/main/mwclient/index5.php?type=ackReceived
2023-10-06 09:14:54::[Thread-1]::DEBUG::TinyBioPrintLogger::SendAckn Response:{"status":"failure"}
2023-10-06 09:14:54::[Thread-1]::DEBUG::TinyBioPrintLogger::SendAckn Response json obj:{"blank":false,"bytes":[123,34,115,116,97,116,117,115,34,58,34,102,97,105,108,117,114,101,34,125],"empty":false}
2023-10-06 09:14:55::[Thread-1]::DEBUG::TinyBioPrintLogger::SendAckn to:http://idmsdev.kaa.go.ke/main/mwclient/index5.php?type=ackPrinted
2023-10-06 09:14:56::[Thread-1]::DEBUG::TinyBioPrintLogger::SendAckn Response:{"status":"failure"}
2023-10-06 09:14:56::[Thread-1]::DEBUG::TinyBioPrintLogger::SendAckn Response json obj:{"blank":false,"bytes":[123,34,115,116,97,116,117,115,34,58,34,102,97,105,108,117,114,101,34,125],"empty":false}
2023-10-06 09:15:01::[Thread-0]::DEBUG::TinyBioPrintLogger::New Perm Worker Started at:http://idmsdev.kaa.go.ke/main/mwclient/index5.php?type=getpermit&fid=6&ptype=p
2023-10-06 09:15:02::[Thread-0]::DEBUG::TinyBioPrintLogger::Perm Worker Response:{"status":"success","urls":[]}
2023-10-06 09:15:06::[Thread-1]::DEBUG::TinyBioPrintLogger::New Temp Worker Started at:http://idmsdev.kaa.go.ke/main/mwclient/index5.php?type=getpermit&fid=6&ptype=t
2023-10-06 09:15:07::[Thread-1]::DEBUG::TinyBioPrintLogger::Temp Worker Response:{"status":"success","urls":[]}
2023-10-06 09:15:07::[Thread-1]::DEBUG::TinyBioPrintLogger::Temp Worker Response Status:success
2023-10-06 09:15:08::[Thread-1]::DEBUG::TinyBioPrintLogger::SendAckn to:http://idmsdev.kaa.go.ke/main/mwclient/index5.php?type=ackReceived
2023-10-06 09:15:08::[Thread-1]::DEBUG::TinyBioPrintLogger::SendAckn Response:{"status":"failure"}
2023-10-06 09:15:08::[Thread-1]::DEBUG::TinyBioPrintLogger::SendAckn Response json obj:{"blank":false,"bytes":[123,34,115,116,97,116,117,115,34,58,34,102,97,105,108,117,114,101,34,125],"empty":false}
2023-10-06 09:15:09::[Thread-1]::DEBUG::TinyBioPrintLogger::SendAckn to:http://idmsdev.kaa.go.ke/main/mwclient/index5.php?type=ackPrinted
2023-10-06 09:15:09::[Thread-1]::DEBUG::TinyBioPrintLogger::SendAckn Response:{"status":"failure"}
2023-10-06 09:15:09::[Thread-1]::DEBUG::TinyBioPrintLogger::SendAckn Response json obj:{"blank":false,"bytes":[123,34,115,116,97,116,117,115,34,58,34,102,97,105,108,117,114,101,34,125],"empty":false}
2023-10-06 09:15:12::[Thread-0]::DEBUG::TinyBioPrintLogger::New Perm Worker Started at:http://idmsdev.kaa.go.ke/main/mwclient/index5.php?type=getpermit&fid=6&ptype=p
2023-10-06 09:15:13::[Thread-0]::DEBUG::TinyBioPrintLogger::Perm Worker Response:{"status":"success","urls":[]}
2023-10-06 09:15:19::[Thread-1]::DEBUG::TinyBioPrintLogger::New Temp Worker Started at:http://idmsdev.kaa.go.ke/main/mwclient/index5.php?type=getpermit&fid=6&ptype=t
2023-10-06 09:15:20::[Thread-1]::DEBUG::TinyBioPrintLogger::Temp Worker Response:{"status":"success","urls":[]}
2023-10-06 09:15:20::[Thread-1]::DEBUG::TinyBioPrintLogger::Temp Worker Response Status:success
2023-10-06 09:15:21::[Thread-1]::DEBUG::TinyBioPrintLogger::SendAckn to:http://idmsdev.kaa.go.ke/main/mwclient/index5.php?type=ackReceived
2023-10-06 09:15:21::[Thread-1]::DEBUG::TinyBioPrintLogger::SendAckn Response:{"status":"failure"}
2023-10-06 09:15:21::[Thread-1]::DEBUG::TinyBioPrintLogger::SendAckn Response json obj:{"blank":false,"bytes":[123,34,115,116,97,116,117,115,34,58,34,102,97,105,108,117,114,101,34,125],"empty":false}
2023-10-06 09:15:22::[Thread-1]::DEBUG::TinyBioPrintLogger::SendAckn to:http://idmsdev.kaa.go.ke/main/mwclient/index5.php?type=ackPrinted
2023-10-06 09:15:22::[Thread-1]::DEBUG::TinyBioPrintLogger::SendAckn Response:{"status":"failure"}
2023-10-06 09:15:22::[Thread-1]::DEBUG::TinyBioPrintLogger::SendAckn Response json obj:{"blank":false,"bytes":[123,34,115,116,97,116,117,115,34,58,34,102,97,105,108,117,114,101,34,125],"empty":false}
2023-10-06 09:15:23::[Thread-0]::DEBUG::TinyBioPrintLogger::New Perm Worker Started at:http://idmsdev.kaa.go.ke/main/mwclient/index5.php?type=getpermit&fid=6&ptype=p
2023-10-06 09:15:24::[Thread-0]::DEBUG::TinyBioPrintLogger::Perm Worker Response:{"status":"success","urls":[]}
2023-10-06 09:15:32::[Thread-1]::DEBUG::TinyBioPrintLogger::New Temp Worker Started at:http://idmsdev.kaa.go.ke/main/mwclient/index5.php?type=getpermit&fid=6&ptype=t
2023-10-06 09:15:34::[Thread-0]::DEBUG::TinyBioPrintLogger::New Perm Worker Started at:http://idmsdev.kaa.go.ke/main/mwclient/index5.php?type=getpermit&fid=6&ptype=p
2023-10-06 09:15:34::[Thread-1]::DEBUG::TinyBioPrintLogger::Temp Worker Response:{"status":"success","urls":[]}
2023-10-06 09:15:34::[Thread-1]::DEBUG::TinyBioPrintLogger::Temp Worker Response Status:success
2023-10-06 09:15:35::[Thread-0]::DEBUG::TinyBioPrintLogger::Perm Worker Response:{"status":"success","urls":[]}
2023-10-06 09:15:35::[Thread-1]::DEBUG::TinyBioPrintLogger::SendAckn to:http://idmsdev.kaa.go.ke/main/mwclient/index5.php?type=ackReceived
2023-10-06 09:15:35::[Thread-1]::DEBUG::TinyBioPrintLogger::SendAckn Response:{"status":"failure"}
2023-10-06 09:15:35::[Thread-1]::DEBUG::TinyBioPrintLogger::SendAckn Response json obj:{"blank":false,"bytes":[123,34,115,116,97,116,117,115,34,58,34,102,97,105,108,117,114,101,34,125],"empty":false}
2023-10-06 09:15:36::[Thread-1]::DEBUG::TinyBioPrintLogger::SendAckn to:http://idmsdev.kaa.go.ke/main/mwclient/index5.php?type=ackPrinted
2023-10-06 09:15:36::[Thread-1]::DEBUG::TinyBioPrintLogger::SendAckn Response:{"status":"failure"}
2023-10-06 09:15:36::[Thread-1]::DEBUG::TinyBioPrintLogger::SendAckn Response json obj:{"blank":false,"bytes":[123,34,115,116,97,116,117,115,34,58,34,102,97,105,108,117,114,101,34,125],"empty":false}
2023-10-06 09:15:45::[Thread-0]::DEBUG::TinyBioPrintLogger::New Perm Worker Started at:http://idmsdev.kaa.go.ke/main/mwclient/index5.php?type=getpermit&fid=6&ptype=p
2023-10-06 09:15:46::[Thread-0]::DEBUG::TinyBioPrintLogger::Perm Worker Response:{"status":"success","urls":[]}
2023-10-06 09:15:46::[Thread-1]::DEBUG::TinyBioPrintLogger::New Temp Worker Started at:http://idmsdev.kaa.go.ke/main/mwclient/index5.php?type=getpermit&fid=6&ptype=t
2023-10-06 09:15:48::[Thread-1]::DEBUG::TinyBioPrintLogger::Temp Worker Response:{"status":"success","urls":[]}
2023-10-06 09:15:48::[Thread-1]::DEBUG::TinyBioPrintLogger::Temp Worker Response Status:success
2023-10-06 09:15:49::[Thread-1]::DEBUG::TinyBioPrintLogger::SendAckn to:http://idmsdev.kaa.go.ke/main/mwclient/index5.php?type=ackReceived
2023-10-06 09:15:49::[Thread-1]::DEBUG::TinyBioPrintLogger::SendAckn Response:{"status":"failure"}
2023-10-06 09:15:49::[Thread-1]::DEBUG::TinyBioPrintLogger::SendAckn Response json obj:{"blank":false,"bytes":[123,34,115,116,97,116,117,115,34,58,34,102,97,105,108,117,114,101,34,125],"empty":false}
2023-10-06 09:15:50::[Thread-1]::DEBUG::TinyBioPrintLogger::SendAckn to:http://idmsdev.kaa.go.ke/main/mwclient/index5.php?type=ackPrinted
2023-10-06 09:15:50::[Thread-1]::DEBUG::TinyBioPrintLogger::SendAckn Response:{"status":"failure"}
2023-10-06 09:15:50::[Thread-1]::DEBUG::TinyBioPrintLogger::SendAckn Response json obj:{"blank":false,"bytes":[123,34,115,116,97,116,117,115,34,58,34,102,97,105,108,117,114,101,34,125],"empty":false}
