2023-10-05 14:41:52::[AWT-EventQueue-0]::DEBUG::TinyBioPrintLogger::Testing file logging...
2023-10-05 14:41:55::[Thread-1]::DEBUG::TinyBioPrintLogger::New Temp Worker Started at:http://idmsdev.kaa.go.ke/main/mwclient/index5.php?type=getpermit&fid=6&ptype=t
2023-10-05 14:41:55::[Thread-0]::DEBUG::TinyBioPrintLogger::New Perm Worker Started at:http://idmsdev.kaa.go.ke/main/mwclient/index5.php?type=getpermit&fid=6&ptype=p
2023-10-05 14:41:56::[Thread-0]::DEBUG::TinyBioPrintLogger::Perm Worker Response:{"status":"success","urls":[]}
2023-10-05 14:41:56::[Thread-1]::DEBUG::TinyBioPrintLogger::Temp Worker Response:{"status":"success","urls":[{"id":"2","url":"http:\/\/idmsdev.kaa.go.ke\/main\/printpermits\/6\/temp\/651d347558066_1002717.pdf"},{"id":"3","url":"http:\/\/idmsdev.kaa.go.ke\/main\/printpermits\/6\/temp\/651d37d7b7c6f_1002717.pdf"},{"id":"4","url":"http:\/\/idmsdev.kaa.go.ke\/main\/printpermits\/6\/temp\/651e4ecbb2ae1_1002717.pdf"}]}
2023-10-05 14:41:56::[Thread-1]::DEBUG::TinyBioPrintLogger::Temp Worker Response Status:success
2023-10-05 14:41:58::[Thread-1]::DEBUG::TinyBioPrintLogger::SendAckn to:http://idmsdev.kaa.go.ke/main/mwclient/index5.php?type=ackReceived
2023-10-05 14:41:58::[Thread-1]::DEBUG::TinyBioPrintLogger::SendAckn Response:{"status":"success"}
2023-10-05 14:41:58::[Thread-1]::DEBUG::TinyBioPrintLogger::SendAckn Response json obj:{"blank":false,"bytes":[123,34,115,116,97,116,117,115,34,58,34,115,117,99,99,101,115,115,34,125],"empty":false}
2023-10-05 14:42:26::[Thread-0]::DEBUG::TinyBioPrintLogger::New Perm Worker Started at:http://idmsdev.kaa.go.ke/main/mwclient/index5.php?type=getpermit&fid=6&ptype=p
2023-10-05 14:42:27::[Thread-0]::DEBUG::TinyBioPrintLogger::Perm Worker Response:{"status":"success","urls":[]}
2023-10-05 14:42:30::[Thread-1]::DEBUG::TinyBioPrintLogger::New Temp Worker Started at:http://idmsdev.kaa.go.ke/main/mwclient/index5.php?type=getpermit&fid=6&ptype=t
2023-10-05 14:42:31::[Thread-1]::DEBUG::TinyBioPrintLogger::Temp Worker Response:{"status":"success","urls":[]}
2023-10-05 14:42:31::[Thread-1]::DEBUG::TinyBioPrintLogger::Temp Worker Response Status:success
2023-10-05 14:42:32::[Thread-1]::DEBUG::TinyBioPrintLogger::SendAckn to:http://idmsdev.kaa.go.ke/main/mwclient/index5.php?type=ackReceived
2023-10-05 14:42:32::[Thread-1]::DEBUG::TinyBioPrintLogger::SendAckn Response:{"status":"failure"}
2023-10-05 14:42:32::[Thread-1]::DEBUG::TinyBioPrintLogger::SendAckn Response json obj:{"blank":false,"bytes":[123,34,115,116,97,116,117,115,34,58,34,102,97,105,108,117,114,101,34,125],"empty":false}
2023-10-05 14:42:57::[Thread-0]::DEBUG::TinyBioPrintLogger::New Perm Worker Started at:http://idmsdev.kaa.go.ke/main/mwclient/index5.php?type=getpermit&fid=6&ptype=p
2023-10-05 14:42:58::[Thread-0]::DEBUG::TinyBioPrintLogger::Perm Worker Response:{"status":"success","urls":[]}
2023-10-05 14:43:02::[Thread-1]::DEBUG::TinyBioPrintLogger::New Temp Worker Started at:http://idmsdev.kaa.go.ke/main/mwclient/index5.php?type=getpermit&fid=6&ptype=t
2023-10-05 14:43:03::[Thread-1]::DEBUG::TinyBioPrintLogger::Temp Worker Response:{"status":"success","urls":[]}
2023-10-05 14:43:03::[Thread-1]::DEBUG::TinyBioPrintLogger::Temp Worker Response Status:success
2023-10-05 14:43:05::[Thread-1]::DEBUG::TinyBioPrintLogger::SendAckn to:http://idmsdev.kaa.go.ke/main/mwclient/index5.php?type=ackReceived
2023-10-05 14:43:05::[Thread-1]::DEBUG::TinyBioPrintLogger::SendAckn Response:{"status":"failure"}
2023-10-05 14:43:05::[Thread-1]::DEBUG::TinyBioPrintLogger::SendAckn Response json obj:{"blank":false,"bytes":[123,34,115,116,97,116,117,115,34,58,34,102,97,105,108,117,114,101,34,125],"empty":false}
2023-10-05 14:43:28::[Thread-0]::DEBUG::TinyBioPrintLogger::New Perm Worker Started at:http://idmsdev.kaa.go.ke/main/mwclient/index5.php?type=getpermit&fid=6&ptype=p
2023-10-05 14:43:29::[Thread-0]::DEBUG::TinyBioPrintLogger::Perm Worker Response:{"status":"success","urls":[]}
2023-10-05 14:43:34::[Thread-1]::DEBUG::TinyBioPrintLogger::New Temp Worker Started at:http://idmsdev.kaa.go.ke/main/mwclient/index5.php?type=getpermit&fid=6&ptype=t
2023-10-05 14:43:36::[Thread-1]::DEBUG::TinyBioPrintLogger::Temp Worker Response:{"status":"success","urls":[{"id":"2","url":"http:\/\/idmsdev.kaa.go.ke\/main\/printpermits\/6\/temp\/651d347558066_1002717.pdf"}]}
2023-10-05 14:43:36::[Thread-1]::DEBUG::TinyBioPrintLogger::Temp Worker Response Status:success
2023-10-05 14:43:37::[Thread-1]::DEBUG::TinyBioPrintLogger::SendAckn to:http://idmsdev.kaa.go.ke/main/mwclient/index5.php?type=ackReceived
2023-10-05 14:43:37::[Thread-1]::DEBUG::TinyBioPrintLogger::SendAckn Response:{"status":"success"}
2023-10-05 14:43:37::[Thread-1]::DEBUG::TinyBioPrintLogger::SendAckn Response json obj:{"blank":false,"bytes":[123,34,115,116,97,116,117,115,34,58,34,115,117,99,99,101,115,115,34,125],"empty":false}
2023-10-05 14:43:59::[Thread-0]::DEBUG::TinyBioPrintLogger::New Perm Worker Started at:http://idmsdev.kaa.go.ke/main/mwclient/index5.php?type=getpermit&fid=6&ptype=p
2023-10-05 14:44:00::[Thread-0]::DEBUG::TinyBioPrintLogger::Perm Worker Response:{"status":"success","urls":[]}
2023-10-05 14:44:07::[Thread-1]::DEBUG::TinyBioPrintLogger::New Temp Worker Started at:http://idmsdev.kaa.go.ke/main/mwclient/index5.php?type=getpermit&fid=6&ptype=t
2023-10-05 14:44:08::[Thread-1]::DEBUG::TinyBioPrintLogger::Temp Worker Response:{"status":"success","urls":[]}
2023-10-05 14:44:08::[Thread-1]::DEBUG::TinyBioPrintLogger::Temp Worker Response Status:success
2023-10-05 14:44:09::[Thread-1]::DEBUG::TinyBioPrintLogger::SendAckn to:http://idmsdev.kaa.go.ke/main/mwclient/index5.php?type=ackReceived
2023-10-05 14:44:09::[Thread-1]::DEBUG::TinyBioPrintLogger::SendAckn Response:{"status":"failure"}
2023-10-05 14:44:09::[Thread-1]::DEBUG::TinyBioPrintLogger::SendAckn Response json obj:{"blank":false,"bytes":[123,34,115,116,97,116,117,115,34,58,34,102,97,105,108,117,114,101,34,125],"empty":false}
2023-10-05 14:44:30::[Thread-0]::DEBUG::TinyBioPrintLogger::New Perm Worker Started at:http://idmsdev.kaa.go.ke/main/mwclient/index5.php?type=getpermit&fid=6&ptype=p
2023-10-05 14:44:31::[Thread-0]::DEBUG::TinyBioPrintLogger::Perm Worker Response:{"status":"success","urls":[]}
2023-10-05 14:44:39::[Thread-1]::DEBUG::TinyBioPrintLogger::New Temp Worker Started at:http://idmsdev.kaa.go.ke/main/mwclient/index5.php?type=getpermit&fid=6&ptype=t
2023-10-05 14:44:40::[Thread-1]::DEBUG::TinyBioPrintLogger::Temp Worker Response:{"status":"success","urls":[]}
2023-10-05 14:44:40::[Thread-1]::DEBUG::TinyBioPrintLogger::Temp Worker Response Status:success
2023-10-05 14:44:41::[Thread-1]::DEBUG::TinyBioPrintLogger::SendAckn to:http://idmsdev.kaa.go.ke/main/mwclient/index5.php?type=ackReceived
2023-10-05 14:44:41::[Thread-1]::DEBUG::TinyBioPrintLogger::SendAckn Response:{"status":"failure"}
2023-10-05 14:44:41::[Thread-1]::DEBUG::TinyBioPrintLogger::SendAckn Response json obj:{"blank":false,"bytes":[123,34,115,116,97,116,117,115,34,58,34,102,97,105,108,117,114,101,34,125],"empty":false}
2023-10-05 14:45:01::[Thread-0]::DEBUG::TinyBioPrintLogger::New Perm Worker Started at:http://idmsdev.kaa.go.ke/main/mwclient/index5.php?type=getpermit&fid=6&ptype=p
2023-10-05 14:45:02::[Thread-0]::DEBUG::TinyBioPrintLogger::Perm Worker Response:{"status":"success","urls":[]}
2023-10-05 14:45:11::[Thread-1]::DEBUG::TinyBioPrintLogger::New Temp Worker Started at:http://idmsdev.kaa.go.ke/main/mwclient/index5.php?type=getpermit&fid=6&ptype=t
2023-10-05 14:45:12::[Thread-1]::DEBUG::TinyBioPrintLogger::Temp Worker Response:{"status":"success","urls":[]}
2023-10-05 14:45:12::[Thread-1]::DEBUG::TinyBioPrintLogger::Temp Worker Response Status:success
2023-10-05 14:45:13::[Thread-1]::DEBUG::TinyBioPrintLogger::SendAckn to:http://idmsdev.kaa.go.ke/main/mwclient/index5.php?type=ackReceived
2023-10-05 14:45:13::[Thread-1]::DEBUG::TinyBioPrintLogger::SendAckn Response:{"status":"failure"}
2023-10-05 14:45:13::[Thread-1]::DEBUG::TinyBioPrintLogger::SendAckn Response json obj:{"blank":false,"bytes":[123,34,115,116,97,116,117,115,34,58,34,102,97,105,108,117,114,101,34,125],"empty":false}
2023-10-05 14:45:32::[Thread-0]::DEBUG::TinyBioPrintLogger::New Perm Worker Started at:http://idmsdev.kaa.go.ke/main/mwclient/index5.php?type=getpermit&fid=6&ptype=p
2023-10-05 14:45:33::[Thread-0]::DEBUG::TinyBioPrintLogger::Perm Worker Response:{"status":"success","urls":[]}
2023-10-05 14:45:43::[Thread-1]::DEBUG::TinyBioPrintLogger::New Temp Worker Started at:http://idmsdev.kaa.go.ke/main/mwclient/index5.php?type=getpermit&fid=6&ptype=t
2023-10-05 14:45:44::[Thread-1]::DEBUG::TinyBioPrintLogger::Temp Worker Response:{"status":"success","urls":[]}
2023-10-05 14:45:44::[Thread-1]::DEBUG::TinyBioPrintLogger::Temp Worker Response Status:success
2023-10-05 14:45:45::[Thread-1]::DEBUG::TinyBioPrintLogger::SendAckn to:http://idmsdev.kaa.go.ke/main/mwclient/index5.php?type=ackReceived
2023-10-05 14:45:45::[Thread-1]::DEBUG::TinyBioPrintLogger::SendAckn Response:{"status":"failure"}
2023-10-05 14:45:45::[Thread-1]::DEBUG::TinyBioPrintLogger::SendAckn Response json obj:{"blank":false,"bytes":[123,34,115,116,97,116,117,115,34,58,34,102,97,105,108,117,114,101,34,125],"empty":false}
2023-10-05 14:46:03::[Thread-0]::DEBUG::TinyBioPrintLogger::New Perm Worker Started at:http://idmsdev.kaa.go.ke/main/mwclient/index5.php?type=getpermit&fid=6&ptype=p
2023-10-05 14:46:04::[Thread-0]::DEBUG::TinyBioPrintLogger::Perm Worker Response:{"status":"success","urls":[]}
2023-10-05 14:46:15::[Thread-1]::DEBUG::TinyBioPrintLogger::New Temp Worker Started at:http://idmsdev.kaa.go.ke/main/mwclient/index5.php?type=getpermit&fid=6&ptype=t
2023-10-05 14:46:16::[Thread-1]::DEBUG::TinyBioPrintLogger::Temp Worker Response:{"status":"success","urls":[]}
2023-10-05 14:46:16::[Thread-1]::DEBUG::TinyBioPrintLogger::Temp Worker Response Status:success
2023-10-05 14:46:17::[Thread-1]::DEBUG::TinyBioPrintLogger::SendAckn to:http://idmsdev.kaa.go.ke/main/mwclient/index5.php?type=ackReceived
2023-10-05 14:46:17::[Thread-1]::DEBUG::TinyBioPrintLogger::SendAckn Response:{"status":"failure"}
2023-10-05 14:46:17::[Thread-1]::DEBUG::TinyBioPrintLogger::SendAckn Response json obj:{"blank":false,"bytes":[123,34,115,116,97,116,117,115,34,58,34,102,97,105,108,117,114,101,34,125],"empty":false}
2023-10-05 14:46:34::[Thread-0]::DEBUG::TinyBioPrintLogger::New Perm Worker Started at:http://idmsdev.kaa.go.ke/main/mwclient/index5.php?type=getpermit&fid=6&ptype=p
2023-10-05 14:46:35::[Thread-0]::DEBUG::TinyBioPrintLogger::Perm Worker Response:{"status":"success","urls":[]}
2023-10-05 14:46:47::[Thread-1]::DEBUG::TinyBioPrintLogger::New Temp Worker Started at:http://idmsdev.kaa.go.ke/main/mwclient/index5.php?type=getpermit&fid=6&ptype=t
2023-10-05 14:46:48::[Thread-1]::DEBUG::TinyBioPrintLogger::Temp Worker Response:{"status":"success","urls":[]}
2023-10-05 14:46:48::[Thread-1]::DEBUG::TinyBioPrintLogger::Temp Worker Response Status:success
2023-10-05 14:46:49::[Thread-1]::DEBUG::TinyBioPrintLogger::SendAckn to:http://idmsdev.kaa.go.ke/main/mwclient/index5.php?type=ackReceived
2023-10-05 14:46:49::[Thread-1]::DEBUG::TinyBioPrintLogger::SendAckn Response:{"status":"failure"}
2023-10-05 14:46:49::[Thread-1]::DEBUG::TinyBioPrintLogger::SendAckn Response json obj:{"blank":false,"bytes":[123,34,115,116,97,116,117,115,34,58,34,102,97,105,108,117,114,101,34,125],"empty":false}
2023-10-05 14:47:05::[Thread-0]::DEBUG::TinyBioPrintLogger::New Perm Worker Started at:http://idmsdev.kaa.go.ke/main/mwclient/index5.php?type=getpermit&fid=6&ptype=p
2023-10-05 14:47:06::[Thread-0]::DEBUG::TinyBioPrintLogger::Perm Worker Response:{"status":"success","urls":[]}
2023-10-05 14:47:19::[Thread-1]::DEBUG::TinyBioPrintLogger::New Temp Worker Started at:http://idmsdev.kaa.go.ke/main/mwclient/index5.php?type=getpermit&fid=6&ptype=t
2023-10-05 14:47:20::[Thread-1]::DEBUG::TinyBioPrintLogger::Temp Worker Response:{"status":"success","urls":[]}
2023-10-05 14:47:20::[Thread-1]::DEBUG::TinyBioPrintLogger::Temp Worker Response Status:success
2023-10-05 14:47:21::[Thread-1]::DEBUG::TinyBioPrintLogger::SendAckn to:http://idmsdev.kaa.go.ke/main/mwclient/index5.php?type=ackReceived
2023-10-05 14:47:21::[Thread-1]::DEBUG::TinyBioPrintLogger::SendAckn Response:{"status":"failure"}
2023-10-05 14:47:21::[Thread-1]::DEBUG::TinyBioPrintLogger::SendAckn Response json obj:{"blank":false,"bytes":[123,34,115,116,97,116,117,115,34,58,34,102,97,105,108,117,114,101,34,125],"empty":false}
2023-10-05 14:47:36::[Thread-0]::DEBUG::TinyBioPrintLogger::New Perm Worker Started at:http://idmsdev.kaa.go.ke/main/mwclient/index5.php?type=getpermit&fid=6&ptype=p
2023-10-05 14:47:37::[Thread-0]::DEBUG::TinyBioPrintLogger::Perm Worker Response:{"status":"success","urls":[]}
2023-10-05 14:47:51::[Thread-1]::DEBUG::TinyBioPrintLogger::New Temp Worker Started at:http://idmsdev.kaa.go.ke/main/mwclient/index5.php?type=getpermit&fid=6&ptype=t
2023-10-05 14:47:52::[Thread-1]::DEBUG::TinyBioPrintLogger::Temp Worker Response:{"status":"success","urls":[]}
2023-10-05 14:47:52::[Thread-1]::DEBUG::TinyBioPrintLogger::Temp Worker Response Status:success
2023-10-05 14:47:53::[Thread-1]::DEBUG::TinyBioPrintLogger::SendAckn to:http://idmsdev.kaa.go.ke/main/mwclient/index5.php?type=ackReceived
2023-10-05 14:47:53::[Thread-1]::DEBUG::TinyBioPrintLogger::SendAckn Response:{"status":"failure"}
2023-10-05 14:47:53::[Thread-1]::DEBUG::TinyBioPrintLogger::SendAckn Response json obj:{"blank":false,"bytes":[123,34,115,116,97,116,117,115,34,58,34,102,97,105,108,117,114,101,34,125],"empty":false}
2023-10-05 14:48:07::[Thread-0]::DEBUG::TinyBioPrintLogger::New Perm Worker Started at:http://idmsdev.kaa.go.ke/main/mwclient/index5.php?type=getpermit&fid=6&ptype=p
2023-10-05 14:48:08::[Thread-0]::DEBUG::TinyBioPrintLogger::Perm Worker Response:{"status":"success","urls":[]}
2023-10-05 14:48:24::[Thread-1]::DEBUG::TinyBioPrintLogger::New Temp Worker Started at:http://idmsdev.kaa.go.ke/main/mwclient/index5.php?type=getpermit&fid=6&ptype=t
2023-10-05 14:48:25::[Thread-1]::DEBUG::TinyBioPrintLogger::Temp Worker Response:{"status":"success","urls":[]}
2023-10-05 14:48:25::[Thread-1]::DEBUG::TinyBioPrintLogger::Temp Worker Response Status:success
2023-10-05 14:48:26::[Thread-1]::DEBUG::TinyBioPrintLogger::SendAckn to:http://idmsdev.kaa.go.ke/main/mwclient/index5.php?type=ackReceived
2023-10-05 14:48:26::[Thread-1]::DEBUG::TinyBioPrintLogger::SendAckn Response:{"status":"failure"}
2023-10-05 14:48:26::[Thread-1]::DEBUG::TinyBioPrintLogger::SendAckn Response json obj:{"blank":false,"bytes":[123,34,115,116,97,116,117,115,34,58,34,102,97,105,108,117,114,101,34,125],"empty":false}
2023-10-05 14:48:38::[Thread-0]::DEBUG::TinyBioPrintLogger::New Perm Worker Started at:http://idmsdev.kaa.go.ke/main/mwclient/index5.php?type=getpermit&fid=6&ptype=p
2023-10-05 14:48:39::[Thread-0]::DEBUG::TinyBioPrintLogger::Perm Worker Response:{"status":"success","urls":[]}
2023-10-05 14:48:56::[Thread-1]::DEBUG::TinyBioPrintLogger::New Temp Worker Started at:http://idmsdev.kaa.go.ke/main/mwclient/index5.php?type=getpermit&fid=6&ptype=t
2023-10-05 14:48:57::[Thread-1]::DEBUG::TinyBioPrintLogger::Temp Worker Response:{"status":"success","urls":[]}
2023-10-05 14:48:57::[Thread-1]::DEBUG::TinyBioPrintLogger::Temp Worker Response Status:success
2023-10-05 14:48:58::[Thread-1]::DEBUG::TinyBioPrintLogger::SendAckn to:http://idmsdev.kaa.go.ke/main/mwclient/index5.php?type=ackReceived
2023-10-05 14:48:58::[Thread-1]::DEBUG::TinyBioPrintLogger::SendAckn Response:{"status":"failure"}
2023-10-05 14:48:58::[Thread-1]::DEBUG::TinyBioPrintLogger::SendAckn Response json obj:{"blank":false,"bytes":[123,34,115,116,97,116,117,115,34,58,34,102,97,105,108,117,114,101,34,125],"empty":false}
2023-10-05 14:49:09::[Thread-0]::DEBUG::TinyBioPrintLogger::New Perm Worker Started at:http://idmsdev.kaa.go.ke/main/mwclient/index5.php?type=getpermit&fid=6&ptype=p
2023-10-05 14:49:10::[Thread-0]::DEBUG::TinyBioPrintLogger::Perm Worker Response:{"status":"success","urls":[]}
2023-10-05 14:49:28::[Thread-1]::DEBUG::TinyBioPrintLogger::New Temp Worker Started at:http://idmsdev.kaa.go.ke/main/mwclient/index5.php?type=getpermit&fid=6&ptype=t
2023-10-05 14:49:29::[Thread-1]::DEBUG::TinyBioPrintLogger::Temp Worker Response:{"status":"success","urls":[]}
2023-10-05 14:49:29::[Thread-1]::DEBUG::TinyBioPrintLogger::Temp Worker Response Status:success
2023-10-05 14:49:30::[Thread-1]::DEBUG::TinyBioPrintLogger::SendAckn to:http://idmsdev.kaa.go.ke/main/mwclient/index5.php?type=ackReceived
2023-10-05 14:49:30::[Thread-1]::DEBUG::TinyBioPrintLogger::SendAckn Response:{"status":"failure"}
2023-10-05 14:49:30::[Thread-1]::DEBUG::TinyBioPrintLogger::SendAckn Response json obj:{"blank":false,"bytes":[123,34,115,116,97,116,117,115,34,58,34,102,97,105,108,117,114,101,34,125],"empty":false}
2023-10-05 14:49:40::[Thread-0]::DEBUG::TinyBioPrintLogger::New Perm Worker Started at:http://idmsdev.kaa.go.ke/main/mwclient/index5.php?type=getpermit&fid=6&ptype=p
2023-10-05 14:49:41::[Thread-0]::DEBUG::TinyBioPrintLogger::Perm Worker Response:{"status":"success","urls":[]}
2023-10-05 14:50:00::[Thread-1]::DEBUG::TinyBioPrintLogger::New Temp Worker Started at:http://idmsdev.kaa.go.ke/main/mwclient/index5.php?type=getpermit&fid=6&ptype=t
2023-10-05 14:50:01::[Thread-1]::DEBUG::TinyBioPrintLogger::Temp Worker Response:{"status":"success","urls":[]}
2023-10-05 14:50:01::[Thread-1]::DEBUG::TinyBioPrintLogger::Temp Worker Response Status:success
2023-10-05 14:50:02::[Thread-1]::DEBUG::TinyBioPrintLogger::SendAckn to:http://idmsdev.kaa.go.ke/main/mwclient/index5.php?type=ackReceived
2023-10-05 14:50:02::[Thread-1]::DEBUG::TinyBioPrintLogger::SendAckn Response:{"status":"failure"}
2023-10-05 14:50:02::[Thread-1]::DEBUG::TinyBioPrintLogger::SendAckn Response json obj:{"blank":false,"bytes":[123,34,115,116,97,116,117,115,34,58,34,102,97,105,108,117,114,101,34,125],"empty":false}
2023-10-05 14:50:11::[Thread-0]::DEBUG::TinyBioPrintLogger::New Perm Worker Started at:http://idmsdev.kaa.go.ke/main/mwclient/index5.php?type=getpermit&fid=6&ptype=p
2023-10-05 14:50:12::[Thread-0]::DEBUG::TinyBioPrintLogger::Perm Worker Response:{"status":"success","urls":[]}
2023-10-05 14:50:32::[Thread-1]::DEBUG::TinyBioPrintLogger::New Temp Worker Started at:http://idmsdev.kaa.go.ke/main/mwclient/index5.php?type=getpermit&fid=6&ptype=t
2023-10-05 14:50:33::[Thread-1]::DEBUG::TinyBioPrintLogger::Temp Worker Response:{"status":"success","urls":[]}
2023-10-05 14:50:33::[Thread-1]::DEBUG::TinyBioPrintLogger::Temp Worker Response Status:success
2023-10-05 14:50:34::[Thread-1]::DEBUG::TinyBioPrintLogger::SendAckn to:http://idmsdev.kaa.go.ke/main/mwclient/index5.php?type=ackReceived
2023-10-05 14:50:34::[Thread-1]::DEBUG::TinyBioPrintLogger::SendAckn Response:{"status":"failure"}
2023-10-05 14:50:34::[Thread-1]::DEBUG::TinyBioPrintLogger::SendAckn Response json obj:{"blank":false,"bytes":[123,34,115,116,97,116,117,115,34,58,34,102,97,105,108,117,114,101,34,125],"empty":false}
2023-10-05 14:50:42::[Thread-0]::DEBUG::TinyBioPrintLogger::New Perm Worker Started at:http://idmsdev.kaa.go.ke/main/mwclient/index5.php?type=getpermit&fid=6&ptype=p
2023-10-05 14:50:43::[Thread-0]::DEBUG::TinyBioPrintLogger::Perm Worker Response:{"status":"success","urls":[]}
2023-10-05 14:51:04::[Thread-1]::DEBUG::TinyBioPrintLogger::New Temp Worker Started at:http://idmsdev.kaa.go.ke/main/mwclient/index5.php?type=getpermit&fid=6&ptype=t
2023-10-05 14:51:05::[Thread-1]::DEBUG::TinyBioPrintLogger::Temp Worker Response:{"status":"success","urls":[]}
2023-10-05 14:51:05::[Thread-1]::DEBUG::TinyBioPrintLogger::Temp Worker Response Status:success
2023-10-05 14:51:06::[Thread-1]::DEBUG::TinyBioPrintLogger::SendAckn to:http://idmsdev.kaa.go.ke/main/mwclient/index5.php?type=ackReceived
2023-10-05 14:51:06::[Thread-1]::DEBUG::TinyBioPrintLogger::SendAckn Response:{"status":"failure"}
2023-10-05 14:51:06::[Thread-1]::DEBUG::TinyBioPrintLogger::SendAckn Response json obj:{"blank":false,"bytes":[123,34,115,116,97,116,117,115,34,58,34,102,97,105,108,117,114,101,34,125],"empty":false}
2023-10-05 14:51:13::[Thread-0]::DEBUG::TinyBioPrintLogger::New Perm Worker Started at:http://idmsdev.kaa.go.ke/main/mwclient/index5.php?type=getpermit&fid=6&ptype=p
2023-10-05 14:51:14::[Thread-0]::DEBUG::TinyBioPrintLogger::Perm Worker Response:{"status":"success","urls":[]}
2023-10-05 14:51:36::[Thread-1]::DEBUG::TinyBioPrintLogger::New Temp Worker Started at:http://idmsdev.kaa.go.ke/main/mwclient/index5.php?type=getpermit&fid=6&ptype=t
2023-10-05 14:51:37::[Thread-1]::DEBUG::TinyBioPrintLogger::Temp Worker Response:{"status":"success","urls":[]}
2023-10-05 14:51:37::[Thread-1]::DEBUG::TinyBioPrintLogger::Temp Worker Response Status:success
2023-10-05 14:51:38::[Thread-1]::DEBUG::TinyBioPrintLogger::SendAckn to:http://idmsdev.kaa.go.ke/main/mwclient/index5.php?type=ackReceived
2023-10-05 14:51:38::[Thread-1]::DEBUG::TinyBioPrintLogger::SendAckn Response:{"status":"failure"}
2023-10-05 14:51:38::[Thread-1]::DEBUG::TinyBioPrintLogger::SendAckn Response json obj:{"blank":false,"bytes":[123,34,115,116,97,116,117,115,34,58,34,102,97,105,108,117,114,101,34,125],"empty":false}
2023-10-05 14:51:44::[Thread-0]::DEBUG::TinyBioPrintLogger::New Perm Worker Started at:http://idmsdev.kaa.go.ke/main/mwclient/index5.php?type=getpermit&fid=6&ptype=p
2023-10-05 14:51:45::[Thread-0]::DEBUG::TinyBioPrintLogger::Perm Worker Response:{"status":"success","urls":[]}
2023-10-05 14:52:08::[Thread-1]::DEBUG::TinyBioPrintLogger::New Temp Worker Started at:http://idmsdev.kaa.go.ke/main/mwclient/index5.php?type=getpermit&fid=6&ptype=t
