2023-10-05 15:20:57::[AWT-EventQueue-0]::DEBUG::TinyBioPrintLogger::Testing file logging...
2023-10-05 15:21:18::[Thread-1]::DEBUG::TinyBioPrintLogger::New Temp Worker Started at:http://idmsdev.kaa.go.ke/main/mwclient/index5.php?type=getpermit&fid=6&ptype=t
2023-10-05 15:21:18::[Thread-0]::DEBUG::TinyBioPrintLogger::New Perm Worker Started at:http://idmsdev.kaa.go.ke/main/mwclient/index5.php?type=getpermit&fid=6&ptype=p
2023-10-05 15:21:19::[Thread-0]::DEBUG::TinyBioPrintLogger::Perm Worker Response:{"status":"success","urls":[]}
2023-10-05 15:21:19::[Thread-1]::DEBUG::TinyBioPrintLogger::Temp Worker Response:{"status":"success","urls":[]}
2023-10-05 15:21:19::[Thread-1]::DEBUG::TinyBioPrintLogger::Temp Worker Response Status:success
2023-10-05 15:21:20::[Thread-1]::DEBUG::TinyBioPrintLogger::SendAckn to:http://idmsdev.kaa.go.ke/main/mwclient/index5.php?type=ackReceived
2023-10-05 15:21:20::[Thread-1]::DEBUG::TinyBioPrintLogger::SendAckn Response:{"status":"failure"}
2023-10-05 15:21:20::[Thread-1]::DEBUG::TinyBioPrintLogger::SendAckn Response json obj:{"blank":false,"bytes":[123,34,115,116,97,116,117,115,34,58,34,102,97,105,108,117,114,101,34,125],"empty":false}
2023-10-05 15:21:21::[Thread-1]::DEBUG::TinyBioPrintLogger::SendAckn to:http://idmsdev.kaa.go.ke/main/mwclient/index5.php?type=ackPrinted
2023-10-05 15:21:21::[Thread-1]::DEBUG::TinyBioPrintLogger::SendAckn Response:{"status":"failure"}
2023-10-05 15:21:21::[Thread-1]::DEBUG::TinyBioPrintLogger::SendAckn Response json obj:{"blank":false,"bytes":[123,34,115,116,97,116,117,115,34,58,34,102,97,105,108,117,114,101,34,125],"empty":false}
2023-10-05 15:21:49::[Thread-0]::DEBUG::TinyBioPrintLogger::New Perm Worker Started at:http://idmsdev.kaa.go.ke/main/mwclient/index5.php?type=getpermit&fid=6&ptype=p
2023-10-05 15:21:50::[Thread-0]::DEBUG::TinyBioPrintLogger::Perm Worker Response:{"status":"success","urls":[]}
2023-10-05 15:21:51::[Thread-1]::DEBUG::TinyBioPrintLogger::New Temp Worker Started at:http://idmsdev.kaa.go.ke/main/mwclient/index5.php?type=getpermit&fid=6&ptype=t
2023-10-05 15:21:53::[Thread-1]::DEBUG::TinyBioPrintLogger::Temp Worker Response:{"status":"success","urls":[{"id":"5","url":"http:\/\/idmsdev.kaa.go.ke\/main\/printpermits\/6\/temp\/651ea5136ca02_1004302.pdf"}]}
2023-10-05 15:21:53::[Thread-1]::DEBUG::TinyBioPrintLogger::Temp Worker Response Status:success
2023-10-05 15:21:54::[Thread-1]::DEBUG::TinyBioPrintLogger::SendAckn to:http://idmsdev.kaa.go.ke/main/mwclient/index5.php?type=ackReceived
2023-10-05 15:21:54::[Thread-1]::DEBUG::TinyBioPrintLogger::SendAckn Response:{"status":"success"}
2023-10-05 15:21:54::[Thread-1]::DEBUG::TinyBioPrintLogger::SendAckn Response json obj:{"blank":false,"bytes":[123,34,115,116,97,116,117,115,34,58,34,115,117,99,99,101,115,115,34,125],"empty":false}
2023-10-05 15:21:54::[Thread-1]::ERROR::TinyBioPrintLogger::Printing failed
java.io.FileNotFoundException: http://idmsdev.kaa.go.ke/main/printpermits/6/temp/651ea5136ca02_1004302.pdf
	at java.base/sun.net.www.protocol.http.HttpURLConnection.getInputStream0(HttpURLConnection.java:1920)
	at java.base/sun.net.www.protocol.http.HttpURLConnection.getInputStream(HttpURLConnection.java:1520)
	at java.base/java.net.URL.openStream(URL.java:1165)
	at com.tinnybioprint.config.PrinterConfigApp.printPdfFromURL(PrinterConfigApp.java:121)
	at com.tinnybioprint.config.PrinterConfigApp.lambda$setUpThreads$1(PrinterConfigApp.java:253)
	at java.base/java.lang.Thread.run(Thread.java:834)
2023-10-05 15:21:55::[Thread-1]::DEBUG::TinyBioPrintLogger::SendAckn to:http://idmsdev.kaa.go.ke/main/mwclient/index5.php?type=ackPrinted
2023-10-05 15:21:55::[Thread-1]::DEBUG::TinyBioPrintLogger::SendAckn Response:{"status":"success"}
2023-10-05 15:21:55::[Thread-1]::DEBUG::TinyBioPrintLogger::SendAckn Response json obj:{"blank":false,"bytes":[123,34,115,116,97,116,117,115,34,58,34,115,117,99,99,101,115,115,34,125],"empty":false}
