2023-10-06 09:08:39::[AWT-EventQueue-0]::DEBUG::TinyBioPrintLogger::Testing file logging...
2023-10-06 09:08:45::[Thread-0]::DEBUG::TinyBioPrintLogger::New Perm Worker Started at:http://idmsdev.kaa.go.ke/main/mwclient/index5.php?type=getpermit&fid=6&ptype=p
2023-10-06 09:08:45::[Thread-1]::DEBUG::TinyBioPrintLogger::New Temp Worker Started at:http://idmsdev.kaa.go.ke/main/mwclient/index5.php?type=getpermit&fid=6&ptype=t
2023-10-06 09:08:46::[Thread-0]::DEBUG::TinyBioPrintLogger::Perm Worker Response:{"status":"success","urls":[]}
2023-10-06 09:08:46::[Thread-1]::DEBUG::TinyBioPrintLogger::Temp Worker Response:{"status":"success","urls":[{"id":"2","url":"http:\/\/idmsdev.kaa.go.ke\/main\/printpermits\/6\/temp\/651d347558066_1002717.pdf"},{"id":"8","url":"http:\/\/idmsdev.kaa.go.ke\/main\/printpermits\/6\/temp\/651f87af086f9_1004252.pdf"}]}
2023-10-06 09:08:46::[Thread-1]::DEBUG::TinyBioPrintLogger::Temp Worker Response Status:success
2023-10-06 09:08:47::[Thread-1]::DEBUG::TinyBioPrintLogger::SendAckn to:http://idmsdev.kaa.go.ke/main/mwclient/index5.php?type=ackReceived
2023-10-06 09:08:47::[Thread-1]::DEBUG::TinyBioPrintLogger::SendAckn Response:{"status":"success"}
2023-10-06 09:08:47::[Thread-1]::DEBUG::TinyBioPrintLogger::SendAckn Response json obj:{"blank":false,"bytes":[123,34,115,116,97,116,117,115,34,58,34,115,117,99,99,101,115,115,34,125],"empty":false}
2023-10-06 09:08:47::[Thread-1]::ERROR::TinyBioPrintLogger::Printing failed
java.io.FileNotFoundException: http://idmsdev.kaa.go.ke/main/printpermits/6/temp/651d347558066_1002717.pdf
	at java.base/sun.net.www.protocol.http.HttpURLConnection.getInputStream0(HttpURLConnection.java:1920)
	at java.base/sun.net.www.protocol.http.HttpURLConnection.getInputStream(HttpURLConnection.java:1520)
	at java.base/java.net.URL.openStream(URL.java:1165)
	at com.tinnybioprint.config.PrinterConfigApp.printPdfFromURL(PrinterConfigApp.java:122)
	at com.tinnybioprint.config.PrinterConfigApp.lambda$setUpThreads$1(PrinterConfigApp.java:255)
	at java.base/java.lang.Thread.run(Thread.java:834)
2023-10-06 09:08:48::[Thread-1]::ERROR::TinyBioPrintLogger::Printing failed
java.io.FileNotFoundException: http://idmsdev.kaa.go.ke/main/printpermits/6/temp/651f87af086f9_1004252.pdf
	at java.base/sun.net.www.protocol.http.HttpURLConnection.getInputStream0(HttpURLConnection.java:1920)
	at java.base/sun.net.www.protocol.http.HttpURLConnection.getInputStream(HttpURLConnection.java:1520)
	at java.base/java.net.URL.openStream(URL.java:1165)
	at com.tinnybioprint.config.PrinterConfigApp.printPdfFromURL(PrinterConfigApp.java:122)
	at com.tinnybioprint.config.PrinterConfigApp.lambda$setUpThreads$1(PrinterConfigApp.java:255)
	at java.base/java.lang.Thread.run(Thread.java:834)
2023-10-06 09:08:49::[Thread-1]::DEBUG::TinyBioPrintLogger::SendAckn to:http://idmsdev.kaa.go.ke/main/mwclient/index5.php?type=ackPrinted
2023-10-06 09:08:49::[Thread-1]::DEBUG::TinyBioPrintLogger::SendAckn Response:{"status":"failure"}
2023-10-06 09:08:49::[Thread-1]::DEBUG::TinyBioPrintLogger::SendAckn Response json obj:{"blank":false,"bytes":[123,34,115,116,97,116,117,115,34,58,34,102,97,105,108,117,114,101,34,125],"empty":false}
2023-10-06 09:08:56::[Thread-0]::DEBUG::TinyBioPrintLogger::New Perm Worker Started at:http://idmsdev.kaa.go.ke/main/mwclient/index5.php?type=getpermit&fid=6&ptype=p
2023-10-06 09:08:57::[Thread-0]::DEBUG::TinyBioPrintLogger::Perm Worker Response:{"status":"success","urls":[]}
2023-10-06 09:08:59::[Thread-1]::DEBUG::TinyBioPrintLogger::New Temp Worker Started at:http://idmsdev.kaa.go.ke/main/mwclient/index5.php?type=getpermit&fid=6&ptype=t
2023-10-06 09:09:00::[Thread-1]::DEBUG::TinyBioPrintLogger::Temp Worker Response:{"status":"success","urls":[]}
2023-10-06 09:09:00::[Thread-1]::DEBUG::TinyBioPrintLogger::Temp Worker Response Status:success
2023-10-06 09:09:01::[Thread-1]::DEBUG::TinyBioPrintLogger::SendAckn to:http://idmsdev.kaa.go.ke/main/mwclient/index5.php?type=ackReceived
2023-10-06 09:09:01::[Thread-1]::DEBUG::TinyBioPrintLogger::SendAckn Response:{"status":"failure"}
2023-10-06 09:09:01::[Thread-1]::DEBUG::TinyBioPrintLogger::SendAckn Response json obj:{"blank":false,"bytes":[123,34,115,116,97,116,117,115,34,58,34,102,97,105,108,117,114,101,34,125],"empty":false}
2023-10-06 09:09:02::[Thread-1]::DEBUG::TinyBioPrintLogger::SendAckn to:http://idmsdev.kaa.go.ke/main/mwclient/index5.php?type=ackPrinted
2023-10-06 09:09:02::[Thread-1]::DEBUG::TinyBioPrintLogger::SendAckn Response:{"status":"failure"}
2023-10-06 09:09:02::[Thread-1]::DEBUG::TinyBioPrintLogger::SendAckn Response json obj:{"blank":false,"bytes":[123,34,115,116,97,116,117,115,34,58,34,102,97,105,108,117,114,101,34,125],"empty":false}
2023-10-06 09:09:07::[Thread-0]::DEBUG::TinyBioPrintLogger::New Perm Worker Started at:http://idmsdev.kaa.go.ke/main/mwclient/index5.php?type=getpermit&fid=6&ptype=p
2023-10-06 09:09:08::[Thread-0]::DEBUG::TinyBioPrintLogger::Perm Worker Response:{"status":"success","urls":[]}
2023-10-06 09:09:12::[Thread-1]::DEBUG::TinyBioPrintLogger::New Temp Worker Started at:http://idmsdev.kaa.go.ke/main/mwclient/index5.php?type=getpermit&fid=6&ptype=t
2023-10-06 09:09:13::[Thread-1]::DEBUG::TinyBioPrintLogger::Temp Worker Response:{"status":"success","urls":[]}
2023-10-06 09:09:13::[Thread-1]::DEBUG::TinyBioPrintLogger::Temp Worker Response Status:success
2023-10-06 09:09:14::[Thread-1]::DEBUG::TinyBioPrintLogger::SendAckn to:http://idmsdev.kaa.go.ke/main/mwclient/index5.php?type=ackReceived
2023-10-06 09:09:14::[Thread-1]::DEBUG::TinyBioPrintLogger::SendAckn Response:{"status":"failure"}
2023-10-06 09:09:14::[Thread-1]::DEBUG::TinyBioPrintLogger::SendAckn Response json obj:{"blank":false,"bytes":[123,34,115,116,97,116,117,115,34,58,34,102,97,105,108,117,114,101,34,125],"empty":false}
2023-10-06 09:09:15::[Thread-1]::DEBUG::TinyBioPrintLogger::SendAckn to:http://idmsdev.kaa.go.ke/main/mwclient/index5.php?type=ackPrinted
2023-10-06 09:09:15::[Thread-1]::DEBUG::TinyBioPrintLogger::SendAckn Response:{"status":"failure"}
2023-10-06 09:09:15::[Thread-1]::DEBUG::TinyBioPrintLogger::SendAckn Response json obj:{"blank":false,"bytes":[123,34,115,116,97,116,117,115,34,58,34,102,97,105,108,117,114,101,34,125],"empty":false}
2023-10-06 09:09:18::[Thread-0]::DEBUG::TinyBioPrintLogger::New Perm Worker Started at:http://idmsdev.kaa.go.ke/main/mwclient/index5.php?type=getpermit&fid=6&ptype=p
2023-10-06 09:09:19::[Thread-0]::DEBUG::TinyBioPrintLogger::Perm Worker Response:{"status":"success","urls":[]}
2023-10-06 09:09:25::[Thread-1]::DEBUG::TinyBioPrintLogger::New Temp Worker Started at:http://idmsdev.kaa.go.ke/main/mwclient/index5.php?type=getpermit&fid=6&ptype=t
2023-10-06 09:09:26::[Thread-1]::DEBUG::TinyBioPrintLogger::Temp Worker Response:{"status":"success","urls":[]}
2023-10-06 09:09:26::[Thread-1]::DEBUG::TinyBioPrintLogger::Temp Worker Response Status:success
2023-10-06 09:09:28::[Thread-1]::DEBUG::TinyBioPrintLogger::SendAckn to:http://idmsdev.kaa.go.ke/main/mwclient/index5.php?type=ackReceived
2023-10-06 09:09:28::[Thread-1]::DEBUG::TinyBioPrintLogger::SendAckn Response:{"status":"failure"}
2023-10-06 09:09:28::[Thread-1]::DEBUG::TinyBioPrintLogger::SendAckn Response json obj:{"blank":false,"bytes":[123,34,115,116,97,116,117,115,34,58,34,102,97,105,108,117,114,101,34,125],"empty":false}
2023-10-06 09:09:29::[Thread-1]::DEBUG::TinyBioPrintLogger::SendAckn to:http://idmsdev.kaa.go.ke/main/mwclient/index5.php?type=ackPrinted
2023-10-06 09:09:29::[Thread-1]::DEBUG::TinyBioPrintLogger::SendAckn Response:{"status":"failure"}
2023-10-06 09:09:29::[Thread-1]::DEBUG::TinyBioPrintLogger::SendAckn Response json obj:{"blank":false,"bytes":[123,34,115,116,97,116,117,115,34,58,34,102,97,105,108,117,114,101,34,125],"empty":false}
2023-10-06 09:09:29::[Thread-0]::DEBUG::TinyBioPrintLogger::New Perm Worker Started at:http://idmsdev.kaa.go.ke/main/mwclient/index5.php?type=getpermit&fid=6&ptype=p
2023-10-06 09:09:30::[Thread-0]::DEBUG::TinyBioPrintLogger::Perm Worker Response:{"status":"success","urls":[]}
2023-10-06 09:09:39::[Thread-1]::DEBUG::TinyBioPrintLogger::New Temp Worker Started at:http://idmsdev.kaa.go.ke/main/mwclient/index5.php?type=getpermit&fid=6&ptype=t
2023-10-06 09:09:40::[Thread-1]::DEBUG::TinyBioPrintLogger::Temp Worker Response:{"status":"success","urls":[]}
2023-10-06 09:09:40::[Thread-1]::DEBUG::TinyBioPrintLogger::Temp Worker Response Status:success
2023-10-06 09:09:40::[Thread-0]::DEBUG::TinyBioPrintLogger::New Perm Worker Started at:http://idmsdev.kaa.go.ke/main/mwclient/index5.php?type=getpermit&fid=6&ptype=p
2023-10-06 09:09:41::[Thread-1]::DEBUG::TinyBioPrintLogger::SendAckn to:http://idmsdev.kaa.go.ke/main/mwclient/index5.php?type=ackReceived
2023-10-06 09:09:41::[Thread-1]::DEBUG::TinyBioPrintLogger::SendAckn Response:{"status":"failure"}
2023-10-06 09:09:41::[Thread-1]::DEBUG::TinyBioPrintLogger::SendAckn Response json obj:{"blank":false,"bytes":[123,34,115,116,97,116,117,115,34,58,34,102,97,105,108,117,114,101,34,125],"empty":false}
2023-10-06 09:09:41::[Thread-0]::DEBUG::TinyBioPrintLogger::Perm Worker Response:{"status":"success","urls":[]}
2023-10-06 09:09:42::[Thread-1]::DEBUG::TinyBioPrintLogger::SendAckn to:http://idmsdev.kaa.go.ke/main/mwclient/index5.php?type=ackPrinted
2023-10-06 09:09:42::[Thread-1]::DEBUG::TinyBioPrintLogger::SendAckn Response:{"status":"failure"}
2023-10-06 09:09:42::[Thread-1]::DEBUG::TinyBioPrintLogger::SendAckn Response json obj:{"blank":false,"bytes":[123,34,115,116,97,116,117,115,34,58,34,102,97,105,108,117,114,101,34,125],"empty":false}
2023-10-06 09:09:51::[Thread-0]::DEBUG::TinyBioPrintLogger::New Perm Worker Started at:http://idmsdev.kaa.go.ke/main/mwclient/index5.php?type=getpermit&fid=6&ptype=p
2023-10-06 09:09:52::[Thread-1]::DEBUG::TinyBioPrintLogger::New Temp Worker Started at:http://idmsdev.kaa.go.ke/main/mwclient/index5.php?type=getpermit&fid=6&ptype=t
2023-10-06 09:09:52::[Thread-0]::DEBUG::TinyBioPrintLogger::Perm Worker Response:{"status":"success","urls":[]}
2023-10-06 09:09:53::[Thread-1]::DEBUG::TinyBioPrintLogger::Temp Worker Response:{"status":"success","urls":[]}
2023-10-06 09:09:53::[Thread-1]::DEBUG::TinyBioPrintLogger::Temp Worker Response Status:success
2023-10-06 09:09:54::[Thread-1]::DEBUG::TinyBioPrintLogger::SendAckn to:http://idmsdev.kaa.go.ke/main/mwclient/index5.php?type=ackReceived
2023-10-06 09:09:54::[Thread-1]::DEBUG::TinyBioPrintLogger::SendAckn Response:{"status":"failure"}
2023-10-06 09:09:54::[Thread-1]::DEBUG::TinyBioPrintLogger::SendAckn Response json obj:{"blank":false,"bytes":[123,34,115,116,97,116,117,115,34,58,34,102,97,105,108,117,114,101,34,125],"empty":false}
2023-10-06 09:09:55::[Thread-1]::DEBUG::TinyBioPrintLogger::SendAckn to:http://idmsdev.kaa.go.ke/main/mwclient/index5.php?type=ackPrinted
2023-10-06 09:09:55::[Thread-1]::DEBUG::TinyBioPrintLogger::SendAckn Response:{"status":"failure"}
2023-10-06 09:09:55::[Thread-1]::DEBUG::TinyBioPrintLogger::SendAckn Response json obj:{"blank":false,"bytes":[123,34,115,116,97,116,117,115,34,58,34,102,97,105,108,117,114,101,34,125],"empty":false}
