2023-10-16 15:40:00::[AWT-EventQueue-0]::DEBUG::TinyBioPrintLogger::Testing file logging...
2023-10-16 15:40:00::[Thread-0]::DEBUG::TinyBioPrintLogger::New Perm Worker Started at:http://idmsdev.kaa.go.ke/main/mwclient/index5.php?type=getpermit&fid=6&ptype=p
2023-10-16 15:40:00::[Thread-1]::DEBUG::TinyBioPrintLogger::New Temp Worker Started at:http://idmsdev.kaa.go.ke/main/mwclient/index5.php?type=getpermit&fid=6&ptype=t
2023-10-16 15:40:02::[Thread-0]::DEBUG::TinyBioPrintLogger::Perm Worker Response:{"status":"success","urls":[]}
2023-10-16 15:40:02::[Thread-0]::DEBUG::TinyBioPrintLogger::Perm Worker Response Status:success
2023-10-16 15:40:02::[Thread-0]::DEBUG::TinyBioPrintLogger::urlsArray: []
2023-10-16 15:40:02::[Thread-0]::DEBUG::TinyBioPrintLogger::Sending received acknowledgement for permanent passess...
2023-10-16 15:40:02::[Thread-0]::DEBUG::TinyBioPrintLogger::acknowledgement post data: {ids=[]}
2023-10-16 15:40:02::[Thread-0]::DEBUG::TinyBioPrintLogger::Send acknowlegdgement request body: {"ids":[]}
2023-10-16 15:40:02::[Thread-1]::DEBUG::TinyBioPrintLogger::Temp Worker Response:{"status":"success","urls":[{"id":"66","front_img":"http:\/\/idmsdev.kaa.go.ke\/main\/printpermits\/6\/temp\/652802272de26_1005313.pdf","back_img":"http:\/\/idmsdev.kaa.go.ke\/main\/printpermits\/6\/temp\/","orientation":null},{"id":"81","front_img":"http:\/\/idmsdev.kaa.go.ke\/main\/printpermits\/6\/temp\/652cec7c99e83_1005311.pdf","back_img":"http:\/\/idmsdev.kaa.go.ke\/main\/printpermits\/6\/temp\/","orientation":null},{"id":"82","front_img":"http:\/\/idmsdev.kaa.go.ke\/main\/printpermits\/6\/temp\/652cefa8616d6_1002717.pdf","back_img":"http:\/\/idmsdev.kaa.go.ke\/main\/printpermits\/6\/temp\/","orientation":null},{"id":"83","front_img":"http:\/\/idmsdev.kaa.go.ke\/main\/printpermits\/6\/temp\/652cefb5ccc43_1002717.pdf","back_img":"http:\/\/idmsdev.kaa.go.ke\/main\/printpermits\/6\/temp\/","orientation":null},{"id":"84","front_img":"http:\/\/idmsdev.kaa.go.ke\/main\/printpermits\/6\/temp\/652cfac2d851f_1005311.pdf","back_img":"http:\/\/idmsdev.kaa.go.ke\/main\/printpermits\/6\/temp\/","orientation":null},{"id":"85","front_img":"http:\/\/idmsdev.kaa.go.ke\/main\/printpermits\/6\/temp\/652cfb4e94d21_1005311.pdf","back_img":"http:\/\/idmsdev.kaa.go.ke\/main\/printpermits\/6\/temp\/","orientation":null}]}
2023-10-16 15:40:02::[Thread-1]::DEBUG::TinyBioPrintLogger::Temp Worker Response Status:success
2023-10-16 15:40:02::[Thread-1]::DEBUG::TinyBioPrintLogger::Sending received acknowledgement for temporary passess...
2023-10-16 15:40:02::[Thread-1]::DEBUG::TinyBioPrintLogger::acknowledgement post data: {ids=[66, 81, 82, 83, 84, 85]}
2023-10-16 15:40:02::[Thread-1]::DEBUG::TinyBioPrintLogger::Send acknowlegdgement request body: {"ids":["66","81","82","83","84","85"]}
2023-10-16 15:40:04::[Thread-1]::DEBUG::TinyBioPrintLogger::SendAckn to:http://idmsdev.kaa.go.ke/main/mwclient/index5.php?type=ackReceived
2023-10-16 15:40:04::[Thread-0]::DEBUG::TinyBioPrintLogger::SendAckn to:http://idmsdev.kaa.go.ke/main/mwclient/index5.php?type=ackReceived
2023-10-16 15:40:04::[Thread-1]::DEBUG::TinyBioPrintLogger::SendAckn Response:{"status":"success"}
2023-10-16 15:40:04::[Thread-0]::DEBUG::TinyBioPrintLogger::SendAckn Response:{"status":"failure"}
2023-10-16 15:40:04::[Thread-0]::DEBUG::TinyBioPrintLogger::strResponse:{"status":"failure"}
2023-10-16 15:40:04::[Thread-1]::DEBUG::TinyBioPrintLogger::strResponse:{"status":"success"}
2023-10-16 15:40:04::[Thread-0]::DEBUG::TinyBioPrintLogger::SendAckn Response json obj:{"status":"failure"}
2023-10-16 15:40:04::[Thread-1]::DEBUG::TinyBioPrintLogger::SendAckn Response json obj:{"status":"success"}
2023-10-16 15:40:04::[Thread-0]::DEBUG::TinyBioPrintLogger::SendAckn Response Status:failure
2023-10-16 15:40:04::[Thread-1]::DEBUG::TinyBioPrintLogger::SendAckn Response Status:success
2023-10-16 15:40:04::[Thread-0]::DEBUG::TinyBioPrintLogger::printIds: []
2023-10-16 15:40:04::[Thread-0]::DEBUG::TinyBioPrintLogger::Sending printed acknowledgement for permanent passess...
2023-10-16 15:40:04::[Thread-0]::DEBUG::TinyBioPrintLogger::acknowledgement post data: {ids=[]}
2023-10-16 15:40:04::[Thread-0]::DEBUG::TinyBioPrintLogger::Send acknowlegdgement request body: {"ids":[]}
2023-10-16 15:40:05::[Thread-0]::DEBUG::TinyBioPrintLogger::SendAckn to:http://idmsdev.kaa.go.ke/main/mwclient/index5.php?type=ackPrinted
2023-10-16 15:40:05::[Thread-0]::DEBUG::TinyBioPrintLogger::SendAckn Response:{"status":"failure"}
2023-10-16 15:40:05::[Thread-0]::DEBUG::TinyBioPrintLogger::strResponse:{"status":"failure"}
2023-10-16 15:40:05::[Thread-0]::DEBUG::TinyBioPrintLogger::SendAckn Response json obj:{"status":"failure"}
2023-10-16 15:40:05::[Thread-0]::DEBUG::TinyBioPrintLogger::SendAckn Response Status:failure
2023-10-16 15:40:08::[Thread-0]::DEBUG::TinyBioPrintLogger::New Perm Worker Started at:http://idmsdev.kaa.go.ke/main/mwclient/index5.php?type=getpermit&fid=6&ptype=p
2023-10-16 15:40:08::[Thread-1]::DEBUG::TinyBioPrintLogger::Sending printed acknowledgement for temporary passess...
2023-10-16 15:40:08::[Thread-1]::DEBUG::TinyBioPrintLogger::acknowledgement post data: {ids=[66, 81, 82, 83, 84, 85]}
2023-10-16 15:40:08::[Thread-1]::DEBUG::TinyBioPrintLogger::Send acknowlegdgement request body: {"ids":["66","81","82","83","84","85"]}
2023-10-16 15:40:09::[Thread-0]::DEBUG::TinyBioPrintLogger::Perm Worker Response:{"status":"success","urls":[]}
2023-10-16 15:40:09::[Thread-0]::DEBUG::TinyBioPrintLogger::Perm Worker Response Status:success
2023-10-16 15:40:09::[Thread-0]::DEBUG::TinyBioPrintLogger::urlsArray: []
2023-10-16 15:40:09::[Thread-0]::DEBUG::TinyBioPrintLogger::Sending received acknowledgement for permanent passess...
2023-10-16 15:40:09::[Thread-0]::DEBUG::TinyBioPrintLogger::acknowledgement post data: {ids=[]}
2023-10-16 15:40:09::[Thread-0]::DEBUG::TinyBioPrintLogger::Send acknowlegdgement request body: {"ids":[]}
2023-10-16 15:40:09::[Thread-1]::DEBUG::TinyBioPrintLogger::SendAckn to:http://idmsdev.kaa.go.ke/main/mwclient/index5.php?type=ackPrinted
2023-10-16 15:40:09::[Thread-1]::DEBUG::TinyBioPrintLogger::SendAckn Response:{"status":"success"}
2023-10-16 15:40:09::[Thread-1]::DEBUG::TinyBioPrintLogger::strResponse:{"status":"success"}
2023-10-16 15:40:09::[Thread-1]::DEBUG::TinyBioPrintLogger::SendAckn Response json obj:{"status":"success"}
2023-10-16 15:40:09::[Thread-1]::DEBUG::TinyBioPrintLogger::SendAckn Response Status:success
2023-10-16 15:40:10::[Thread-0]::DEBUG::TinyBioPrintLogger::SendAckn to:http://idmsdev.kaa.go.ke/main/mwclient/index5.php?type=ackReceived
2023-10-16 15:40:10::[Thread-0]::DEBUG::TinyBioPrintLogger::SendAckn Response:{"status":"failure"}
2023-10-16 15:40:10::[Thread-0]::DEBUG::TinyBioPrintLogger::strResponse:{"status":"failure"}
2023-10-16 15:40:10::[Thread-0]::DEBUG::TinyBioPrintLogger::SendAckn Response json obj:{"status":"failure"}
2023-10-16 15:40:10::[Thread-0]::DEBUG::TinyBioPrintLogger::SendAckn Response Status:failure
2023-10-16 15:40:10::[Thread-0]::DEBUG::TinyBioPrintLogger::printIds: []
2023-10-16 15:40:10::[Thread-0]::DEBUG::TinyBioPrintLogger::Sending printed acknowledgement for permanent passess...
2023-10-16 15:40:10::[Thread-0]::DEBUG::TinyBioPrintLogger::acknowledgement post data: {ids=[]}
2023-10-16 15:40:10::[Thread-0]::DEBUG::TinyBioPrintLogger::Send acknowlegdgement request body: {"ids":[]}
2023-10-16 15:40:12::[Thread-1]::DEBUG::TinyBioPrintLogger::New Temp Worker Started at:http://idmsdev.kaa.go.ke/main/mwclient/index5.php?type=getpermit&fid=6&ptype=t
2023-10-16 15:40:12::[Thread-0]::DEBUG::TinyBioPrintLogger::SendAckn to:http://idmsdev.kaa.go.ke/main/mwclient/index5.php?type=ackPrinted
2023-10-16 15:40:12::[Thread-0]::DEBUG::TinyBioPrintLogger::SendAckn Response:{"status":"failure"}
2023-10-16 15:40:12::[Thread-0]::DEBUG::TinyBioPrintLogger::strResponse:{"status":"failure"}
2023-10-16 15:40:12::[Thread-0]::DEBUG::TinyBioPrintLogger::SendAckn Response json obj:{"status":"failure"}
2023-10-16 15:40:12::[Thread-0]::DEBUG::TinyBioPrintLogger::SendAckn Response Status:failure
2023-10-16 15:40:13::[Thread-1]::DEBUG::TinyBioPrintLogger::Temp Worker Response:{"status":"success","urls":[]}
2023-10-16 15:40:13::[Thread-1]::DEBUG::TinyBioPrintLogger::Temp Worker Response Status:success
2023-10-16 15:40:13::[Thread-1]::DEBUG::TinyBioPrintLogger::Sending received acknowledgement for temporary passess...
2023-10-16 15:40:13::[Thread-1]::DEBUG::TinyBioPrintLogger::acknowledgement post data: {ids=[]}
2023-10-16 15:40:13::[Thread-1]::DEBUG::TinyBioPrintLogger::Send acknowlegdgement request body: {"ids":[]}
2023-10-16 15:40:14::[Thread-0]::DEBUG::TinyBioPrintLogger::New Perm Worker Started at:http://idmsdev.kaa.go.ke/main/mwclient/index5.php?type=getpermit&fid=6&ptype=p
2023-10-16 15:40:15::[Thread-1]::DEBUG::TinyBioPrintLogger::SendAckn to:http://idmsdev.kaa.go.ke/main/mwclient/index5.php?type=ackReceived
2023-10-16 15:40:15::[Thread-1]::DEBUG::TinyBioPrintLogger::SendAckn Response:{"status":"failure"}
2023-10-16 15:40:15::[Thread-1]::DEBUG::TinyBioPrintLogger::strResponse:{"status":"failure"}
2023-10-16 15:40:15::[Thread-1]::DEBUG::TinyBioPrintLogger::SendAckn Response json obj:{"status":"failure"}
2023-10-16 15:40:15::[Thread-1]::DEBUG::TinyBioPrintLogger::SendAckn Response Status:failure
2023-10-16 15:40:15::[Thread-1]::DEBUG::TinyBioPrintLogger::Sending printed acknowledgement for temporary passess...
2023-10-16 15:40:15::[Thread-1]::DEBUG::TinyBioPrintLogger::acknowledgement post data: {ids=[]}
2023-10-16 15:40:15::[Thread-1]::DEBUG::TinyBioPrintLogger::Send acknowlegdgement request body: {"ids":[]}
2023-10-16 15:40:16::[Thread-0]::DEBUG::TinyBioPrintLogger::Perm Worker Response:{"status":"success","urls":[]}
2023-10-16 15:40:16::[Thread-0]::DEBUG::TinyBioPrintLogger::Perm Worker Response Status:success
2023-10-16 15:40:16::[Thread-0]::DEBUG::TinyBioPrintLogger::urlsArray: []
2023-10-16 15:40:16::[Thread-0]::DEBUG::TinyBioPrintLogger::Sending received acknowledgement for permanent passess...
2023-10-16 15:40:16::[Thread-0]::DEBUG::TinyBioPrintLogger::acknowledgement post data: {ids=[]}
2023-10-16 15:40:16::[Thread-0]::DEBUG::TinyBioPrintLogger::Send acknowlegdgement request body: {"ids":[]}
2023-10-16 15:40:16::[Thread-1]::DEBUG::TinyBioPrintLogger::SendAckn to:http://idmsdev.kaa.go.ke/main/mwclient/index5.php?type=ackPrinted
2023-10-16 15:40:16::[Thread-1]::DEBUG::TinyBioPrintLogger::SendAckn Response:{"status":"failure"}
2023-10-16 15:40:16::[Thread-1]::DEBUG::TinyBioPrintLogger::strResponse:{"status":"failure"}
2023-10-16 15:40:16::[Thread-1]::DEBUG::TinyBioPrintLogger::SendAckn Response json obj:{"status":"failure"}
2023-10-16 15:40:16::[Thread-1]::DEBUG::TinyBioPrintLogger::SendAckn Response Status:failure
2023-10-16 15:40:17::[Thread-0]::DEBUG::TinyBioPrintLogger::SendAckn to:http://idmsdev.kaa.go.ke/main/mwclient/index5.php?type=ackReceived
2023-10-16 15:40:17::[Thread-0]::DEBUG::TinyBioPrintLogger::SendAckn Response:{"status":"failure"}
2023-10-16 15:40:17::[Thread-0]::DEBUG::TinyBioPrintLogger::strResponse:{"status":"failure"}
2023-10-16 15:40:17::[Thread-0]::DEBUG::TinyBioPrintLogger::SendAckn Response json obj:{"status":"failure"}
2023-10-16 15:40:17::[Thread-0]::DEBUG::TinyBioPrintLogger::SendAckn Response Status:failure
2023-10-16 15:40:17::[Thread-0]::DEBUG::TinyBioPrintLogger::printIds: []
2023-10-16 15:40:17::[Thread-0]::DEBUG::TinyBioPrintLogger::Sending printed acknowledgement for permanent passess...
2023-10-16 15:40:17::[Thread-0]::DEBUG::TinyBioPrintLogger::acknowledgement post data: {ids=[]}
2023-10-16 15:40:17::[Thread-0]::DEBUG::TinyBioPrintLogger::Send acknowlegdgement request body: {"ids":[]}
2023-10-16 15:40:19::[Thread-0]::DEBUG::TinyBioPrintLogger::SendAckn to:http://idmsdev.kaa.go.ke/main/mwclient/index5.php?type=ackPrinted
2023-10-16 15:40:19::[Thread-0]::DEBUG::TinyBioPrintLogger::SendAckn Response:{"status":"failure"}
2023-10-16 15:40:19::[Thread-0]::DEBUG::TinyBioPrintLogger::strResponse:{"status":"failure"}
2023-10-16 15:40:19::[Thread-0]::DEBUG::TinyBioPrintLogger::SendAckn Response json obj:{"status":"failure"}
2023-10-16 15:40:19::[Thread-0]::DEBUG::TinyBioPrintLogger::SendAckn Response Status:failure
2023-10-16 15:40:19::[Thread-1]::DEBUG::TinyBioPrintLogger::New Temp Worker Started at:http://idmsdev.kaa.go.ke/main/mwclient/index5.php?type=getpermit&fid=6&ptype=t
2023-10-16 15:40:20::[Thread-1]::DEBUG::TinyBioPrintLogger::Temp Worker Response:{"status":"success","urls":[]}
2023-10-16 15:40:20::[Thread-1]::DEBUG::TinyBioPrintLogger::Temp Worker Response Status:success
2023-10-16 15:40:20::[Thread-1]::DEBUG::TinyBioPrintLogger::Sending received acknowledgement for temporary passess...
2023-10-16 15:40:20::[Thread-1]::DEBUG::TinyBioPrintLogger::acknowledgement post data: {ids=[]}
2023-10-16 15:40:20::[Thread-1]::DEBUG::TinyBioPrintLogger::Send acknowlegdgement request body: {"ids":[]}
2023-10-16 15:40:21::[Thread-0]::DEBUG::TinyBioPrintLogger::New Perm Worker Started at:http://idmsdev.kaa.go.ke/main/mwclient/index5.php?type=getpermit&fid=6&ptype=p
2023-10-16 15:40:21::[Thread-1]::DEBUG::TinyBioPrintLogger::SendAckn to:http://idmsdev.kaa.go.ke/main/mwclient/index5.php?type=ackReceived
2023-10-16 15:40:21::[Thread-1]::DEBUG::TinyBioPrintLogger::SendAckn Response:{"status":"failure"}
2023-10-16 15:40:21::[Thread-1]::DEBUG::TinyBioPrintLogger::strResponse:{"status":"failure"}
2023-10-16 15:40:21::[Thread-1]::DEBUG::TinyBioPrintLogger::SendAckn Response json obj:{"status":"failure"}
2023-10-16 15:40:21::[Thread-1]::DEBUG::TinyBioPrintLogger::SendAckn Response Status:failure
2023-10-16 15:40:21::[Thread-1]::DEBUG::TinyBioPrintLogger::Sending printed acknowledgement for temporary passess...
2023-10-16 15:40:21::[Thread-1]::DEBUG::TinyBioPrintLogger::acknowledgement post data: {ids=[]}
2023-10-16 15:40:21::[Thread-1]::DEBUG::TinyBioPrintLogger::Send acknowlegdgement request body: {"ids":[]}
2023-10-16 15:40:22::[Thread-0]::DEBUG::TinyBioPrintLogger::Perm Worker Response:{"status":"success","urls":[]}
2023-10-16 15:40:22::[Thread-0]::DEBUG::TinyBioPrintLogger::Perm Worker Response Status:success
2023-10-16 15:40:22::[Thread-0]::DEBUG::TinyBioPrintLogger::urlsArray: []
2023-10-16 15:40:22::[Thread-0]::DEBUG::TinyBioPrintLogger::Sending received acknowledgement for permanent passess...
2023-10-16 15:40:22::[Thread-0]::DEBUG::TinyBioPrintLogger::acknowledgement post data: {ids=[]}
2023-10-16 15:40:22::[Thread-0]::DEBUG::TinyBioPrintLogger::Send acknowlegdgement request body: {"ids":[]}
2023-10-16 15:40:23::[Thread-1]::DEBUG::TinyBioPrintLogger::SendAckn to:http://idmsdev.kaa.go.ke/main/mwclient/index5.php?type=ackPrinted
2023-10-16 15:40:23::[Thread-1]::DEBUG::TinyBioPrintLogger::SendAckn Response:{"status":"failure"}
2023-10-16 15:40:23::[Thread-1]::DEBUG::TinyBioPrintLogger::strResponse:{"status":"failure"}
2023-10-16 15:40:23::[Thread-1]::DEBUG::TinyBioPrintLogger::SendAckn Response json obj:{"status":"failure"}
2023-10-16 15:40:23::[Thread-1]::DEBUG::TinyBioPrintLogger::SendAckn Response Status:failure
2023-10-16 15:40:24::[Thread-0]::DEBUG::TinyBioPrintLogger::SendAckn to:http://idmsdev.kaa.go.ke/main/mwclient/index5.php?type=ackReceived
2023-10-16 15:40:24::[Thread-0]::DEBUG::TinyBioPrintLogger::SendAckn Response:{"status":"failure"}
2023-10-16 15:40:24::[Thread-0]::DEBUG::TinyBioPrintLogger::strResponse:{"status":"failure"}
2023-10-16 15:40:24::[Thread-0]::DEBUG::TinyBioPrintLogger::SendAckn Response json obj:{"status":"failure"}
2023-10-16 15:40:24::[Thread-0]::DEBUG::TinyBioPrintLogger::SendAckn Response Status:failure
2023-10-16 15:40:24::[Thread-0]::DEBUG::TinyBioPrintLogger::printIds: []
2023-10-16 15:40:24::[Thread-0]::DEBUG::TinyBioPrintLogger::Sending printed acknowledgement for permanent passess...
2023-10-16 15:40:24::[Thread-0]::DEBUG::TinyBioPrintLogger::acknowledgement post data: {ids=[]}
2023-10-16 15:40:24::[Thread-0]::DEBUG::TinyBioPrintLogger::Send acknowlegdgement request body: {"ids":[]}
2023-10-16 15:40:25::[Thread-1]::DEBUG::TinyBioPrintLogger::New Temp Worker Started at:http://idmsdev.kaa.go.ke/main/mwclient/index5.php?type=getpermit&fid=6&ptype=t
2023-10-16 15:40:25::[Thread-0]::DEBUG::TinyBioPrintLogger::SendAckn to:http://idmsdev.kaa.go.ke/main/mwclient/index5.php?type=ackPrinted
2023-10-16 15:40:25::[Thread-0]::DEBUG::TinyBioPrintLogger::SendAckn Response:{"status":"failure"}
2023-10-16 15:40:25::[Thread-0]::DEBUG::TinyBioPrintLogger::strResponse:{"status":"failure"}
2023-10-16 15:40:25::[Thread-0]::DEBUG::TinyBioPrintLogger::SendAckn Response json obj:{"status":"failure"}
2023-10-16 15:40:25::[Thread-0]::DEBUG::TinyBioPrintLogger::SendAckn Response Status:failure
2023-10-16 15:40:27::[Thread-1]::DEBUG::TinyBioPrintLogger::Temp Worker Response:{"status":"success","urls":[]}
2023-10-16 15:40:27::[Thread-1]::DEBUG::TinyBioPrintLogger::Temp Worker Response Status:success
2023-10-16 15:40:27::[Thread-1]::DEBUG::TinyBioPrintLogger::Sending received acknowledgement for temporary passess...
2023-10-16 15:40:27::[Thread-1]::DEBUG::TinyBioPrintLogger::acknowledgement post data: {ids=[]}
2023-10-16 15:40:27::[Thread-1]::DEBUG::TinyBioPrintLogger::Send acknowlegdgement request body: {"ids":[]}
2023-10-16 15:40:28::[Thread-0]::DEBUG::TinyBioPrintLogger::New Perm Worker Started at:http://idmsdev.kaa.go.ke/main/mwclient/index5.php?type=getpermit&fid=6&ptype=p
2023-10-16 15:40:28::[Thread-1]::DEBUG::TinyBioPrintLogger::SendAckn to:http://idmsdev.kaa.go.ke/main/mwclient/index5.php?type=ackReceived
2023-10-16 15:40:28::[Thread-1]::DEBUG::TinyBioPrintLogger::SendAckn Response:{"status":"failure"}
2023-10-16 15:40:28::[Thread-1]::DEBUG::TinyBioPrintLogger::strResponse:{"status":"failure"}
2023-10-16 15:40:28::[Thread-1]::DEBUG::TinyBioPrintLogger::SendAckn Response json obj:{"status":"failure"}
2023-10-16 15:40:28::[Thread-1]::DEBUG::TinyBioPrintLogger::SendAckn Response Status:failure
2023-10-16 15:40:28::[Thread-1]::DEBUG::TinyBioPrintLogger::Sending printed acknowledgement for temporary passess...
2023-10-16 15:40:28::[Thread-1]::DEBUG::TinyBioPrintLogger::acknowledgement post data: {ids=[]}
2023-10-16 15:40:28::[Thread-1]::DEBUG::TinyBioPrintLogger::Send acknowlegdgement request body: {"ids":[]}
2023-10-16 15:40:29::[Thread-0]::DEBUG::TinyBioPrintLogger::Perm Worker Response:{"status":"success","urls":[]}
2023-10-16 15:40:29::[Thread-0]::DEBUG::TinyBioPrintLogger::Perm Worker Response Status:success
2023-10-16 15:40:29::[Thread-0]::DEBUG::TinyBioPrintLogger::urlsArray: []
2023-10-16 15:40:29::[Thread-0]::DEBUG::TinyBioPrintLogger::Sending received acknowledgement for permanent passess...
2023-10-16 15:40:29::[Thread-0]::DEBUG::TinyBioPrintLogger::acknowledgement post data: {ids=[]}
2023-10-16 15:40:29::[Thread-0]::DEBUG::TinyBioPrintLogger::Send acknowlegdgement request body: {"ids":[]}
2023-10-16 15:40:30::[Thread-1]::DEBUG::TinyBioPrintLogger::SendAckn to:http://idmsdev.kaa.go.ke/main/mwclient/index5.php?type=ackPrinted
2023-10-16 15:40:30::[Thread-1]::DEBUG::TinyBioPrintLogger::SendAckn Response:{"status":"failure"}
2023-10-16 15:40:30::[Thread-1]::DEBUG::TinyBioPrintLogger::strResponse:{"status":"failure"}
2023-10-16 15:40:30::[Thread-1]::DEBUG::TinyBioPrintLogger::SendAckn Response json obj:{"status":"failure"}
2023-10-16 15:40:30::[Thread-1]::DEBUG::TinyBioPrintLogger::SendAckn Response Status:failure
2023-10-16 15:40:31::[Thread-0]::DEBUG::TinyBioPrintLogger::SendAckn to:http://idmsdev.kaa.go.ke/main/mwclient/index5.php?type=ackReceived
2023-10-16 15:40:31::[Thread-0]::DEBUG::TinyBioPrintLogger::SendAckn Response:{"status":"failure"}
2023-10-16 15:40:31::[Thread-0]::DEBUG::TinyBioPrintLogger::strResponse:{"status":"failure"}
2023-10-16 15:40:31::[Thread-0]::DEBUG::TinyBioPrintLogger::SendAckn Response json obj:{"status":"failure"}
2023-10-16 15:40:31::[Thread-0]::DEBUG::TinyBioPrintLogger::SendAckn Response Status:failure
2023-10-16 15:40:31::[Thread-0]::DEBUG::TinyBioPrintLogger::printIds: []
2023-10-16 15:40:31::[Thread-0]::DEBUG::TinyBioPrintLogger::Sending printed acknowledgement for permanent passess...
2023-10-16 15:40:31::[Thread-0]::DEBUG::TinyBioPrintLogger::acknowledgement post data: {ids=[]}
2023-10-16 15:40:31::[Thread-0]::DEBUG::TinyBioPrintLogger::Send acknowlegdgement request body: {"ids":[]}
2023-10-16 15:40:32::[Thread-0]::DEBUG::TinyBioPrintLogger::SendAckn to:http://idmsdev.kaa.go.ke/main/mwclient/index5.php?type=ackPrinted
2023-10-16 15:40:32::[Thread-0]::DEBUG::TinyBioPrintLogger::SendAckn Response:{"status":"failure"}
2023-10-16 15:40:32::[Thread-0]::DEBUG::TinyBioPrintLogger::strResponse:{"status":"failure"}
2023-10-16 15:40:32::[Thread-0]::DEBUG::TinyBioPrintLogger::SendAckn Response json obj:{"status":"failure"}
2023-10-16 15:40:32::[Thread-0]::DEBUG::TinyBioPrintLogger::SendAckn Response Status:failure
2023-10-16 15:40:32::[Thread-1]::DEBUG::TinyBioPrintLogger::New Temp Worker Started at:http://idmsdev.kaa.go.ke/main/mwclient/index5.php?type=getpermit&fid=6&ptype=t
2023-10-16 15:40:34::[Thread-1]::DEBUG::TinyBioPrintLogger::Temp Worker Response:{"status":"success","urls":[]}
2023-10-16 15:40:34::[Thread-1]::DEBUG::TinyBioPrintLogger::Temp Worker Response Status:success
2023-10-16 15:40:34::[Thread-1]::DEBUG::TinyBioPrintLogger::Sending received acknowledgement for temporary passess...
2023-10-16 15:40:34::[Thread-1]::DEBUG::TinyBioPrintLogger::acknowledgement post data: {ids=[]}
2023-10-16 15:40:34::[Thread-1]::DEBUG::TinyBioPrintLogger::Send acknowlegdgement request body: {"ids":[]}
2023-10-16 15:40:35::[Thread-0]::DEBUG::TinyBioPrintLogger::New Perm Worker Started at:http://idmsdev.kaa.go.ke/main/mwclient/index5.php?type=getpermit&fid=6&ptype=p
2023-10-16 15:40:35::[Thread-1]::DEBUG::TinyBioPrintLogger::SendAckn to:http://idmsdev.kaa.go.ke/main/mwclient/index5.php?type=ackReceived
2023-10-16 15:40:35::[Thread-1]::DEBUG::TinyBioPrintLogger::SendAckn Response:{"status":"failure"}
2023-10-16 15:40:35::[Thread-1]::DEBUG::TinyBioPrintLogger::strResponse:{"status":"failure"}
2023-10-16 15:40:35::[Thread-1]::DEBUG::TinyBioPrintLogger::SendAckn Response json obj:{"status":"failure"}
2023-10-16 15:40:35::[Thread-1]::DEBUG::TinyBioPrintLogger::SendAckn Response Status:failure
2023-10-16 15:40:35::[Thread-1]::DEBUG::TinyBioPrintLogger::Sending printed acknowledgement for temporary passess...
2023-10-16 15:40:35::[Thread-1]::DEBUG::TinyBioPrintLogger::acknowledgement post data: {ids=[]}
2023-10-16 15:40:35::[Thread-1]::DEBUG::TinyBioPrintLogger::Send acknowlegdgement request body: {"ids":[]}
2023-10-16 15:40:36::[Thread-0]::DEBUG::TinyBioPrintLogger::Perm Worker Response:{"status":"success","urls":[]}
2023-10-16 15:40:36::[Thread-0]::DEBUG::TinyBioPrintLogger::Perm Worker Response Status:success
2023-10-16 15:40:36::[Thread-0]::DEBUG::TinyBioPrintLogger::urlsArray: []
2023-10-16 15:40:36::[Thread-0]::DEBUG::TinyBioPrintLogger::Sending received acknowledgement for permanent passess...
2023-10-16 15:40:36::[Thread-0]::DEBUG::TinyBioPrintLogger::acknowledgement post data: {ids=[]}
2023-10-16 15:40:36::[Thread-0]::DEBUG::TinyBioPrintLogger::Send acknowlegdgement request body: {"ids":[]}
2023-10-16 15:40:36::[Thread-1]::DEBUG::TinyBioPrintLogger::SendAckn to:http://idmsdev.kaa.go.ke/main/mwclient/index5.php?type=ackPrinted
2023-10-16 15:40:36::[Thread-1]::DEBUG::TinyBioPrintLogger::SendAckn Response:{"status":"failure"}
2023-10-16 15:40:36::[Thread-1]::DEBUG::TinyBioPrintLogger::strResponse:{"status":"failure"}
2023-10-16 15:40:36::[Thread-1]::DEBUG::TinyBioPrintLogger::SendAckn Response json obj:{"status":"failure"}
2023-10-16 15:40:36::[Thread-1]::DEBUG::TinyBioPrintLogger::SendAckn Response Status:failure
2023-10-16 15:40:37::[Thread-0]::DEBUG::TinyBioPrintLogger::SendAckn to:http://idmsdev.kaa.go.ke/main/mwclient/index5.php?type=ackReceived
2023-10-16 15:40:37::[Thread-0]::DEBUG::TinyBioPrintLogger::SendAckn Response:{"status":"failure"}
2023-10-16 15:40:37::[Thread-0]::DEBUG::TinyBioPrintLogger::strResponse:{"status":"failure"}
2023-10-16 15:40:37::[Thread-0]::DEBUG::TinyBioPrintLogger::SendAckn Response json obj:{"status":"failure"}
2023-10-16 15:40:37::[Thread-0]::DEBUG::TinyBioPrintLogger::SendAckn Response Status:failure
2023-10-16 15:40:37::[Thread-0]::DEBUG::TinyBioPrintLogger::printIds: []
2023-10-16 15:40:37::[Thread-0]::DEBUG::TinyBioPrintLogger::Sending printed acknowledgement for permanent passess...
2023-10-16 15:40:37::[Thread-0]::DEBUG::TinyBioPrintLogger::acknowledgement post data: {ids=[]}
2023-10-16 15:40:37::[Thread-0]::DEBUG::TinyBioPrintLogger::Send acknowlegdgement request body: {"ids":[]}
2023-10-16 15:40:39::[Thread-0]::DEBUG::TinyBioPrintLogger::SendAckn to:http://idmsdev.kaa.go.ke/main/mwclient/index5.php?type=ackPrinted
2023-10-16 15:40:39::[Thread-0]::DEBUG::TinyBioPrintLogger::SendAckn Response:{"status":"failure"}
2023-10-16 15:40:39::[Thread-0]::DEBUG::TinyBioPrintLogger::strResponse:{"status":"failure"}
2023-10-16 15:40:39::[Thread-0]::DEBUG::TinyBioPrintLogger::SendAckn Response json obj:{"status":"failure"}
2023-10-16 15:40:39::[Thread-0]::DEBUG::TinyBioPrintLogger::SendAckn Response Status:failure
2023-10-16 15:40:39::[Thread-1]::DEBUG::TinyBioPrintLogger::New Temp Worker Started at:http://idmsdev.kaa.go.ke/main/mwclient/index5.php?type=getpermit&fid=6&ptype=t
2023-10-16 15:40:40::[Thread-1]::DEBUG::TinyBioPrintLogger::Temp Worker Response:{"status":"success","urls":[]}
2023-10-16 15:40:40::[Thread-1]::DEBUG::TinyBioPrintLogger::Temp Worker Response Status:success
2023-10-16 15:40:40::[Thread-1]::DEBUG::TinyBioPrintLogger::Sending received acknowledgement for temporary passess...
2023-10-16 15:40:40::[Thread-1]::DEBUG::TinyBioPrintLogger::acknowledgement post data: {ids=[]}
2023-10-16 15:40:40::[Thread-1]::DEBUG::TinyBioPrintLogger::Send acknowlegdgement request body: {"ids":[]}
2023-10-16 15:40:41::[Thread-0]::DEBUG::TinyBioPrintLogger::New Perm Worker Started at:http://idmsdev.kaa.go.ke/main/mwclient/index5.php?type=getpermit&fid=6&ptype=p
2023-10-16 15:40:42::[Thread-1]::DEBUG::TinyBioPrintLogger::SendAckn to:http://idmsdev.kaa.go.ke/main/mwclient/index5.php?type=ackReceived
2023-10-16 15:40:42::[Thread-1]::DEBUG::TinyBioPrintLogger::SendAckn Response:{"status":"failure"}
2023-10-16 15:40:42::[Thread-1]::DEBUG::TinyBioPrintLogger::strResponse:{"status":"failure"}
2023-10-16 15:40:42::[Thread-1]::DEBUG::TinyBioPrintLogger::SendAckn Response json obj:{"status":"failure"}
2023-10-16 15:40:42::[Thread-1]::DEBUG::TinyBioPrintLogger::SendAckn Response Status:failure
2023-10-16 15:40:42::[Thread-1]::DEBUG::TinyBioPrintLogger::Sending printed acknowledgement for temporary passess...
2023-10-16 15:40:42::[Thread-1]::DEBUG::TinyBioPrintLogger::acknowledgement post data: {ids=[]}
2023-10-16 15:40:42::[Thread-1]::DEBUG::TinyBioPrintLogger::Send acknowlegdgement request body: {"ids":[]}
2023-10-16 15:40:43::[Thread-0]::DEBUG::TinyBioPrintLogger::Perm Worker Response:{"status":"success","urls":[]}
2023-10-16 15:40:43::[Thread-0]::DEBUG::TinyBioPrintLogger::Perm Worker Response Status:success
2023-10-16 15:40:43::[Thread-0]::DEBUG::TinyBioPrintLogger::urlsArray: []
2023-10-16 15:40:43::[Thread-0]::DEBUG::TinyBioPrintLogger::Sending received acknowledgement for permanent passess...
2023-10-16 15:40:43::[Thread-0]::DEBUG::TinyBioPrintLogger::acknowledgement post data: {ids=[]}
2023-10-16 15:40:43::[Thread-0]::DEBUG::TinyBioPrintLogger::Send acknowlegdgement request body: {"ids":[]}
2023-10-16 15:40:43::[Thread-1]::DEBUG::TinyBioPrintLogger::SendAckn to:http://idmsdev.kaa.go.ke/main/mwclient/index5.php?type=ackPrinted
2023-10-16 15:40:43::[Thread-1]::DEBUG::TinyBioPrintLogger::SendAckn Response:{"status":"failure"}
2023-10-16 15:40:43::[Thread-1]::DEBUG::TinyBioPrintLogger::strResponse:{"status":"failure"}
2023-10-16 15:40:43::[Thread-1]::DEBUG::TinyBioPrintLogger::SendAckn Response json obj:{"status":"failure"}
2023-10-16 15:40:43::[Thread-1]::DEBUG::TinyBioPrintLogger::SendAckn Response Status:failure
2023-10-16 15:40:44::[Thread-0]::DEBUG::TinyBioPrintLogger::SendAckn to:http://idmsdev.kaa.go.ke/main/mwclient/index5.php?type=ackReceived
2023-10-16 15:40:44::[Thread-0]::DEBUG::TinyBioPrintLogger::SendAckn Response:{"status":"failure"}
2023-10-16 15:40:44::[Thread-0]::DEBUG::TinyBioPrintLogger::strResponse:{"status":"failure"}
2023-10-16 15:40:44::[Thread-0]::DEBUG::TinyBioPrintLogger::SendAckn Response json obj:{"status":"failure"}
2023-10-16 15:40:44::[Thread-0]::DEBUG::TinyBioPrintLogger::SendAckn Response Status:failure
2023-10-16 15:40:44::[Thread-0]::DEBUG::TinyBioPrintLogger::printIds: []
2023-10-16 15:40:44::[Thread-0]::DEBUG::TinyBioPrintLogger::Sending printed acknowledgement for permanent passess...
2023-10-16 15:40:44::[Thread-0]::DEBUG::TinyBioPrintLogger::acknowledgement post data: {ids=[]}
2023-10-16 15:40:44::[Thread-0]::DEBUG::TinyBioPrintLogger::Send acknowlegdgement request body: {"ids":[]}
2023-10-16 15:40:46::[Thread-0]::DEBUG::TinyBioPrintLogger::SendAckn to:http://idmsdev.kaa.go.ke/main/mwclient/index5.php?type=ackPrinted
2023-10-16 15:40:46::[Thread-0]::DEBUG::TinyBioPrintLogger::SendAckn Response:{"status":"failure"}
2023-10-16 15:40:46::[Thread-0]::DEBUG::TinyBioPrintLogger::strResponse:{"status":"failure"}
2023-10-16 15:40:46::[Thread-0]::DEBUG::TinyBioPrintLogger::SendAckn Response json obj:{"status":"failure"}
2023-10-16 15:40:46::[Thread-0]::DEBUG::TinyBioPrintLogger::SendAckn Response Status:failure
2023-10-16 15:40:46::[Thread-1]::DEBUG::TinyBioPrintLogger::New Temp Worker Started at:http://idmsdev.kaa.go.ke/main/mwclient/index5.php?type=getpermit&fid=6&ptype=t
2023-10-16 15:40:47::[Thread-1]::DEBUG::TinyBioPrintLogger::Temp Worker Response:{"status":"success","urls":[]}
2023-10-16 15:40:47::[Thread-1]::DEBUG::TinyBioPrintLogger::Temp Worker Response Status:success
2023-10-16 15:40:47::[Thread-1]::DEBUG::TinyBioPrintLogger::Sending received acknowledgement for temporary passess...
2023-10-16 15:40:47::[Thread-1]::DEBUG::TinyBioPrintLogger::acknowledgement post data: {ids=[]}
2023-10-16 15:40:47::[Thread-1]::DEBUG::TinyBioPrintLogger::Send acknowlegdgement request body: {"ids":[]}
2023-10-16 15:40:48::[Thread-0]::DEBUG::TinyBioPrintLogger::New Perm Worker Started at:http://idmsdev.kaa.go.ke/main/mwclient/index5.php?type=getpermit&fid=6&ptype=p
2023-10-16 15:40:49::[Thread-1]::DEBUG::TinyBioPrintLogger::SendAckn to:http://idmsdev.kaa.go.ke/main/mwclient/index5.php?type=ackReceived
2023-10-16 15:40:49::[Thread-1]::DEBUG::TinyBioPrintLogger::SendAckn Response:{"status":"failure"}
2023-10-16 15:40:49::[Thread-1]::DEBUG::TinyBioPrintLogger::strResponse:{"status":"failure"}
2023-10-16 15:40:49::[Thread-1]::DEBUG::TinyBioPrintLogger::SendAckn Response json obj:{"status":"failure"}
2023-10-16 15:40:49::[Thread-1]::DEBUG::TinyBioPrintLogger::SendAckn Response Status:failure
2023-10-16 15:40:49::[Thread-1]::DEBUG::TinyBioPrintLogger::Sending printed acknowledgement for temporary passess...
2023-10-16 15:40:49::[Thread-1]::DEBUG::TinyBioPrintLogger::acknowledgement post data: {ids=[]}
2023-10-16 15:40:49::[Thread-1]::DEBUG::TinyBioPrintLogger::Send acknowlegdgement request body: {"ids":[]}
2023-10-16 15:40:50::[Thread-0]::DEBUG::TinyBioPrintLogger::Perm Worker Response:{"status":"success","urls":[]}
2023-10-16 15:40:50::[Thread-0]::DEBUG::TinyBioPrintLogger::Perm Worker Response Status:success
2023-10-16 15:40:50::[Thread-0]::DEBUG::TinyBioPrintLogger::urlsArray: []
2023-10-16 15:40:50::[Thread-0]::DEBUG::TinyBioPrintLogger::Sending received acknowledgement for permanent passess...
2023-10-16 15:40:50::[Thread-0]::DEBUG::TinyBioPrintLogger::acknowledgement post data: {ids=[]}
2023-10-16 15:40:50::[Thread-0]::DEBUG::TinyBioPrintLogger::Send acknowlegdgement request body: {"ids":[]}
2023-10-16 15:40:50::[Thread-1]::DEBUG::TinyBioPrintLogger::SendAckn to:http://idmsdev.kaa.go.ke/main/mwclient/index5.php?type=ackPrinted
2023-10-16 15:40:50::[Thread-1]::DEBUG::TinyBioPrintLogger::SendAckn Response:{"status":"failure"}
2023-10-16 15:40:50::[Thread-1]::DEBUG::TinyBioPrintLogger::strResponse:{"status":"failure"}
2023-10-16 15:40:50::[Thread-1]::DEBUG::TinyBioPrintLogger::SendAckn Response json obj:{"status":"failure"}
2023-10-16 15:40:50::[Thread-1]::DEBUG::TinyBioPrintLogger::SendAckn Response Status:failure
2023-10-16 15:40:51::[Thread-0]::DEBUG::TinyBioPrintLogger::SendAckn to:http://idmsdev.kaa.go.ke/main/mwclient/index5.php?type=ackReceived
2023-10-16 15:40:51::[Thread-0]::DEBUG::TinyBioPrintLogger::SendAckn Response:{"status":"failure"}
2023-10-16 15:40:51::[Thread-0]::DEBUG::TinyBioPrintLogger::strResponse:{"status":"failure"}
2023-10-16 15:40:51::[Thread-0]::DEBUG::TinyBioPrintLogger::SendAckn Response json obj:{"status":"failure"}
2023-10-16 15:40:51::[Thread-0]::DEBUG::TinyBioPrintLogger::SendAckn Response Status:failure
2023-10-16 15:40:51::[Thread-0]::DEBUG::TinyBioPrintLogger::printIds: []
2023-10-16 15:40:51::[Thread-0]::DEBUG::TinyBioPrintLogger::Sending printed acknowledgement for permanent passess...
2023-10-16 15:40:51::[Thread-0]::DEBUG::TinyBioPrintLogger::acknowledgement post data: {ids=[]}
2023-10-16 15:40:51::[Thread-0]::DEBUG::TinyBioPrintLogger::Send acknowlegdgement request body: {"ids":[]}
2023-10-16 15:40:52::[Thread-0]::DEBUG::TinyBioPrintLogger::SendAckn to:http://idmsdev.kaa.go.ke/main/mwclient/index5.php?type=ackPrinted
2023-10-16 15:40:52::[Thread-0]::DEBUG::TinyBioPrintLogger::SendAckn Response:{"status":"failure"}
2023-10-16 15:40:52::[Thread-0]::DEBUG::TinyBioPrintLogger::strResponse:{"status":"failure"}
2023-10-16 15:40:52::[Thread-0]::DEBUG::TinyBioPrintLogger::SendAckn Response json obj:{"status":"failure"}
2023-10-16 15:40:52::[Thread-0]::DEBUG::TinyBioPrintLogger::SendAckn Response Status:failure
2023-10-16 15:40:53::[Thread-1]::DEBUG::TinyBioPrintLogger::New Temp Worker Started at:http://idmsdev.kaa.go.ke/main/mwclient/index5.php?type=getpermit&fid=6&ptype=t
2023-10-16 15:40:54::[Thread-1]::DEBUG::TinyBioPrintLogger::Temp Worker Response:{"status":"success","urls":[]}
2023-10-16 15:40:54::[Thread-1]::DEBUG::TinyBioPrintLogger::Temp Worker Response Status:success
2023-10-16 15:40:54::[Thread-1]::DEBUG::TinyBioPrintLogger::Sending received acknowledgement for temporary passess...
2023-10-16 15:40:54::[Thread-1]::DEBUG::TinyBioPrintLogger::acknowledgement post data: {ids=[]}
2023-10-16 15:40:54::[Thread-1]::DEBUG::TinyBioPrintLogger::Send acknowlegdgement request body: {"ids":[]}
2023-10-16 15:40:55::[Thread-0]::DEBUG::TinyBioPrintLogger::New Perm Worker Started at:http://idmsdev.kaa.go.ke/main/mwclient/index5.php?type=getpermit&fid=6&ptype=p
2023-10-16 15:40:55::[Thread-1]::DEBUG::TinyBioPrintLogger::SendAckn to:http://idmsdev.kaa.go.ke/main/mwclient/index5.php?type=ackReceived
2023-10-16 15:40:55::[Thread-1]::DEBUG::TinyBioPrintLogger::SendAckn Response:{"status":"failure"}
2023-10-16 15:40:55::[Thread-1]::DEBUG::TinyBioPrintLogger::strResponse:{"status":"failure"}
2023-10-16 15:40:55::[Thread-1]::DEBUG::TinyBioPrintLogger::SendAckn Response json obj:{"status":"failure"}
2023-10-16 15:40:55::[Thread-1]::DEBUG::TinyBioPrintLogger::SendAckn Response Status:failure
2023-10-16 15:40:55::[Thread-1]::DEBUG::TinyBioPrintLogger::Sending printed acknowledgement for temporary passess...
2023-10-16 15:40:55::[Thread-1]::DEBUG::TinyBioPrintLogger::acknowledgement post data: {ids=[]}
2023-10-16 15:40:55::[Thread-1]::DEBUG::TinyBioPrintLogger::Send acknowlegdgement request body: {"ids":[]}
2023-10-16 15:40:56::[Thread-0]::DEBUG::TinyBioPrintLogger::Perm Worker Response:{"status":"success","urls":[]}
2023-10-16 15:40:56::[Thread-0]::DEBUG::TinyBioPrintLogger::Perm Worker Response Status:success
2023-10-16 15:40:56::[Thread-0]::DEBUG::TinyBioPrintLogger::urlsArray: []
2023-10-16 15:40:56::[Thread-0]::DEBUG::TinyBioPrintLogger::Sending received acknowledgement for permanent passess...
2023-10-16 15:40:56::[Thread-0]::DEBUG::TinyBioPrintLogger::acknowledgement post data: {ids=[]}
2023-10-16 15:40:56::[Thread-0]::DEBUG::TinyBioPrintLogger::Send acknowlegdgement request body: {"ids":[]}
2023-10-16 15:40:57::[Thread-1]::DEBUG::TinyBioPrintLogger::SendAckn to:http://idmsdev.kaa.go.ke/main/mwclient/index5.php?type=ackPrinted
2023-10-16 15:40:57::[Thread-1]::DEBUG::TinyBioPrintLogger::SendAckn Response:{"status":"failure"}
2023-10-16 15:40:57::[Thread-1]::DEBUG::TinyBioPrintLogger::strResponse:{"status":"failure"}
2023-10-16 15:40:57::[Thread-1]::DEBUG::TinyBioPrintLogger::SendAckn Response json obj:{"status":"failure"}
2023-10-16 15:40:57::[Thread-1]::DEBUG::TinyBioPrintLogger::SendAckn Response Status:failure
2023-10-16 15:40:58::[Thread-0]::DEBUG::TinyBioPrintLogger::SendAckn to:http://idmsdev.kaa.go.ke/main/mwclient/index5.php?type=ackReceived
2023-10-16 15:40:58::[Thread-0]::DEBUG::TinyBioPrintLogger::SendAckn Response:{"status":"failure"}
2023-10-16 15:40:58::[Thread-0]::DEBUG::TinyBioPrintLogger::strResponse:{"status":"failure"}
2023-10-16 15:40:58::[Thread-0]::DEBUG::TinyBioPrintLogger::SendAckn Response json obj:{"status":"failure"}
2023-10-16 15:40:58::[Thread-0]::DEBUG::TinyBioPrintLogger::SendAckn Response Status:failure
2023-10-16 15:40:58::[Thread-0]::DEBUG::TinyBioPrintLogger::printIds: []
2023-10-16 15:40:58::[Thread-0]::DEBUG::TinyBioPrintLogger::Sending printed acknowledgement for permanent passess...
2023-10-16 15:40:58::[Thread-0]::DEBUG::TinyBioPrintLogger::acknowledgement post data: {ids=[]}
2023-10-16 15:40:58::[Thread-0]::DEBUG::TinyBioPrintLogger::Send acknowlegdgement request body: {"ids":[]}
2023-10-16 15:40:59::[Thread-0]::DEBUG::TinyBioPrintLogger::SendAckn to:http://idmsdev.kaa.go.ke/main/mwclient/index5.php?type=ackPrinted
2023-10-16 15:40:59::[Thread-0]::DEBUG::TinyBioPrintLogger::SendAckn Response:{"status":"failure"}
2023-10-16 15:40:59::[Thread-0]::DEBUG::TinyBioPrintLogger::strResponse:{"status":"failure"}
2023-10-16 15:40:59::[Thread-0]::DEBUG::TinyBioPrintLogger::SendAckn Response json obj:{"status":"failure"}
2023-10-16 15:40:59::[Thread-0]::DEBUG::TinyBioPrintLogger::SendAckn Response Status:failure
2023-10-16 15:40:59::[Thread-1]::DEBUG::TinyBioPrintLogger::New Temp Worker Started at:http://idmsdev.kaa.go.ke/main/mwclient/index5.php?type=getpermit&fid=6&ptype=t
2023-10-16 15:41:01::[Thread-1]::DEBUG::TinyBioPrintLogger::Temp Worker Response:{"status":"success","urls":[]}
2023-10-16 15:41:01::[Thread-1]::DEBUG::TinyBioPrintLogger::Temp Worker Response Status:success
2023-10-16 15:41:01::[Thread-1]::DEBUG::TinyBioPrintLogger::Sending received acknowledgement for temporary passess...
2023-10-16 15:41:01::[Thread-1]::DEBUG::TinyBioPrintLogger::acknowledgement post data: {ids=[]}
2023-10-16 15:41:01::[Thread-1]::DEBUG::TinyBioPrintLogger::Send acknowlegdgement request body: {"ids":[]}
2023-10-16 15:41:02::[Thread-0]::DEBUG::TinyBioPrintLogger::New Perm Worker Started at:http://idmsdev.kaa.go.ke/main/mwclient/index5.php?type=getpermit&fid=6&ptype=p
2023-10-16 15:41:02::[Thread-1]::DEBUG::TinyBioPrintLogger::SendAckn to:http://idmsdev.kaa.go.ke/main/mwclient/index5.php?type=ackReceived
2023-10-16 15:41:02::[Thread-1]::DEBUG::TinyBioPrintLogger::SendAckn Response:{"status":"failure"}
2023-10-16 15:41:02::[Thread-1]::DEBUG::TinyBioPrintLogger::strResponse:{"status":"failure"}
2023-10-16 15:41:02::[Thread-1]::DEBUG::TinyBioPrintLogger::SendAckn Response json obj:{"status":"failure"}
2023-10-16 15:41:02::[Thread-1]::DEBUG::TinyBioPrintLogger::SendAckn Response Status:failure
2023-10-16 15:41:02::[Thread-1]::DEBUG::TinyBioPrintLogger::Sending printed acknowledgement for temporary passess...
2023-10-16 15:41:02::[Thread-1]::DEBUG::TinyBioPrintLogger::acknowledgement post data: {ids=[]}
2023-10-16 15:41:02::[Thread-1]::DEBUG::TinyBioPrintLogger::Send acknowlegdgement request body: {"ids":[]}
2023-10-16 15:41:03::[Thread-0]::DEBUG::TinyBioPrintLogger::Perm Worker Response:{"status":"success","urls":[]}
2023-10-16 15:41:03::[Thread-0]::DEBUG::TinyBioPrintLogger::Perm Worker Response Status:success
2023-10-16 15:41:03::[Thread-0]::DEBUG::TinyBioPrintLogger::urlsArray: []
2023-10-16 15:41:03::[Thread-0]::DEBUG::TinyBioPrintLogger::Sending received acknowledgement for permanent passess...
2023-10-16 15:41:03::[Thread-0]::DEBUG::TinyBioPrintLogger::acknowledgement post data: {ids=[]}
2023-10-16 15:41:03::[Thread-0]::DEBUG::TinyBioPrintLogger::Send acknowlegdgement request body: {"ids":[]}
2023-10-16 15:41:04::[Thread-1]::DEBUG::TinyBioPrintLogger::SendAckn to:http://idmsdev.kaa.go.ke/main/mwclient/index5.php?type=ackPrinted
2023-10-16 15:41:04::[Thread-1]::DEBUG::TinyBioPrintLogger::SendAckn Response:{"status":"failure"}
2023-10-16 15:41:04::[Thread-1]::DEBUG::TinyBioPrintLogger::strResponse:{"status":"failure"}
2023-10-16 15:41:04::[Thread-1]::DEBUG::TinyBioPrintLogger::SendAckn Response json obj:{"status":"failure"}
2023-10-16 15:41:04::[Thread-1]::DEBUG::TinyBioPrintLogger::SendAckn Response Status:failure
2023-10-16 15:41:05::[Thread-0]::DEBUG::TinyBioPrintLogger::SendAckn to:http://idmsdev.kaa.go.ke/main/mwclient/index5.php?type=ackReceived
2023-10-16 15:41:05::[Thread-0]::DEBUG::TinyBioPrintLogger::SendAckn Response:{"status":"failure"}
2023-10-16 15:41:05::[Thread-0]::DEBUG::TinyBioPrintLogger::strResponse:{"status":"failure"}
2023-10-16 15:41:05::[Thread-0]::DEBUG::TinyBioPrintLogger::SendAckn Response json obj:{"status":"failure"}
2023-10-16 15:41:05::[Thread-0]::DEBUG::TinyBioPrintLogger::SendAckn Response Status:failure
2023-10-16 15:41:05::[Thread-0]::DEBUG::TinyBioPrintLogger::printIds: []
2023-10-16 15:41:05::[Thread-0]::DEBUG::TinyBioPrintLogger::Sending printed acknowledgement for permanent passess...
2023-10-16 15:41:05::[Thread-0]::DEBUG::TinyBioPrintLogger::acknowledgement post data: {ids=[]}
2023-10-16 15:41:05::[Thread-0]::DEBUG::TinyBioPrintLogger::Send acknowlegdgement request body: {"ids":[]}
2023-10-16 15:41:06::[Thread-0]::DEBUG::TinyBioPrintLogger::SendAckn to:http://idmsdev.kaa.go.ke/main/mwclient/index5.php?type=ackPrinted
2023-10-16 15:41:06::[Thread-0]::DEBUG::TinyBioPrintLogger::SendAckn Response:{"status":"failure"}
2023-10-16 15:41:06::[Thread-0]::DEBUG::TinyBioPrintLogger::strResponse:{"status":"failure"}
2023-10-16 15:41:06::[Thread-0]::DEBUG::TinyBioPrintLogger::SendAckn Response json obj:{"status":"failure"}
2023-10-16 15:41:06::[Thread-0]::DEBUG::TinyBioPrintLogger::SendAckn Response Status:failure
2023-10-16 15:41:06::[Thread-1]::DEBUG::TinyBioPrintLogger::New Temp Worker Started at:http://idmsdev.kaa.go.ke/main/mwclient/index5.php?type=getpermit&fid=6&ptype=t
